Using pre-set license
Built from '2020.3/staging' branch; Version is '2020.3.6f1 (338bb68529b2) revision 3378102'; Using compiler version '192528614'; Build Type 'Release'
OS: 'Windows 10 Pro; OS build 19042.1165; Version 2009; 64bit' Language: 'it' Physical Memory: 16228 MB
BatchMode: 1, IsHumanControllingUs: 0, StartBugReporterOnCrash: 0, Is64bit: 1, IsPro: 0

 COMMAND LINE ARGUMENTS:
C:\Program Files\Unity\Hub\Editor\2020.3.6f1\Editor\Unity.exe
-adb2
-batchMode
-noUpm
-name
AssetImportWorker0
-projectPath
D:/Personal/Personal Projects/WhatWapp_Test
-logFile
Logs/AssetImportWorker0.log
-srvPort
64134
Successfully changed project path to: D:/Personal/Personal Projects/WhatWapp_Test
D:/Personal/Personal Projects/WhatWapp_Test
Using Asset Import Pipeline V2.
Refreshing native plugins compatible for Editor in 34.22 ms, found 1 plugins.
Preloading 0 native plugins for Editor in 0.00 ms.
Initialize engine version: 2020.3.6f1 (338bb68529b2)
[Subsystems] Discovering subsystems at path C:/Program Files/Unity/Hub/Editor/2020.3.6f1/Editor/Data/Resources/UnitySubsystems
[Subsystems] Discovering subsystems at path D:/Personal/Personal Projects/WhatWapp_Test/Assets
GfxDevice: creating device client; threaded=0
Direct3D:
    Version:  Direct3D 11.0 [level 11.1]
    Renderer: NVIDIA GeForce GTX 1660 Ti (ID=0x2191)
    Vendor:   
    VRAM:     5991 MB
    Driver:   27.21.14.5751
Initialize mono
Mono path[0] = 'C:/Program Files/Unity/Hub/Editor/2020.3.6f1/Editor/Data/Managed'
Mono path[1] = 'C:/Program Files/Unity/Hub/Editor/2020.3.6f1/Editor/Data/MonoBleedingEdge/lib/mono/unityjit'
Mono config path = 'C:/Program Files/Unity/Hub/Editor/2020.3.6f1/Editor/Data/MonoBleedingEdge/etc'
Using monoOptions --debugger-agent=transport=dt_socket,embedding=1,server=y,suspend=n,address=127.0.0.1:56008
Begin MonoManager ReloadAssembly
Registering precompiled unity dll's ...
Register platform support module: C:/Program Files/Unity/Hub/Editor/2020.3.6f1/Editor/Data/PlaybackEngines/WebGLSupport/UnityEditor.WebGL.Extensions.dll
Register platform support module: C:/Program Files/Unity/Hub/Editor/2020.3.6f1/Editor/Data/PlaybackEngines/WindowsStandaloneSupport/UnityEditor.WindowsStandalone.Extensions.dll
Registered in 0.002526 seconds.
Native extension for WindowsStandalone target not found
Native extension for WebGL target not found
Refreshing native plugins compatible for Editor in 36.38 ms, found 1 plugins.
Preloading 0 native plugins for Editor in 0.00 ms.
Mono: successfully reloaded assembly
- Completed reload, in  2.126 seconds
Platform modules already initialized, skipping
Registering precompiled user dll's ...
Registered in 0.001016 seconds.
Begin MonoManager ReloadAssembly
Native extension for WindowsStandalone target not found
Native extension for WebGL target not found
Refreshing native plugins compatible for Editor in 32.74 ms, found 1 plugins.
Preloading 0 native plugins for Editor in 0.00 ms.
Mono: successfully reloaded assembly
- Completed reload, in  0.889 seconds
Platform modules already initialized, skipping
========================================================================
Worker process is ready to serve import requests
Launched and connected shader compiler UnityShaderCompiler.exe after 0.04 seconds
Refreshing native plugins compatible for Editor in 0.31 ms, found 1 plugins.
Preloading 0 native plugins for Editor in 0.00 ms.
Unloading 1843 Unused Serialized files (Serialized files now loaded: 0)
System memory in use before: 87.7 MB.
System memory in use after: 87.8 MB.

Unloading 19 unused Assets to reduce memory usage. Loaded Objects now: 2290.
Total: 1.997800 ms (FindLiveObjects: 0.255000 ms CreateObjectMapping: 0.105100 ms MarkObjects: 1.577100 ms  DeleteObjects: 0.059500 ms)

========================================================================
Received Import Request.
  path: Assets/Scenes/SampleScene.unity
  artifactKey: Guid(2cda990e2423bbf4892e6590ba056729) Importer(815301076,1909f56bfc062723c751e8b465ee728b)
Start importing Assets/Scenes/SampleScene.unity using Guid(2cda990e2423bbf4892e6590ba056729) Importer(815301076,1909f56bfc062723c751e8b465ee728b)  -> (artifact id: '0f98d7617a180607617f645c780f0352') in 0.014644 seconds
  Import took 0.017354 seconds .

========================================================================
Received Import Request.
  Time since last request: 9.382304 seconds.
  path: Assets/Scripts/Card Handlers
  artifactKey: Guid(62696fa2112b1d44aae10ac3e9be8b41) Importer(815301076,1909f56bfc062723c751e8b465ee728b)
Start importing Assets/Scripts/Card Handlers using Guid(62696fa2112b1d44aae10ac3e9be8b41) Importer(815301076,1909f56bfc062723c751e8b465ee728b)  -> (artifact id: '89b367b0382631c37b01c4393ba255ad') in 0.005264 seconds
  Import took 0.008135 seconds .

========================================================================
Received Import Request.
  Time since last request: 2.656838 seconds.
  path: Assets/Scripts/Card Handlers/TablePileHandler.cs
  artifactKey: Guid(38581c5e27b4aa543b36e6869195dbfb) Importer(815301076,1909f56bfc062723c751e8b465ee728b)
Start importing Assets/Scripts/Card Handlers/TablePileHandler.cs using Guid(38581c5e27b4aa543b36e6869195dbfb) Importer(815301076,1909f56bfc062723c751e8b465ee728b)  -> (artifact id: 'a249c6f04908c8a6c2fbd96e5fb0dc68') in 0.035043 seconds
  Import took 0.037945 seconds .

========================================================================
Received Import Request.
  Time since last request: 30.345532 seconds.
  path: Assets/Scripts/Managers/EventsManager.cs
  artifactKey: Guid(b02d05190110b9e439543d4d53c1c7a8) Importer(815301076,1909f56bfc062723c751e8b465ee728b)
Start importing Assets/Scripts/Managers/EventsManager.cs using Guid(b02d05190110b9e439543d4d53c1c7a8) Importer(815301076,1909f56bfc062723c751e8b465ee728b)  -> (artifact id: '655525b489294ce8dc7db97cf1f0d66b') in 0.006980 seconds
  Import took 0.011807 seconds .

========================================================================
Received Import Request.
  Time since last request: 0.000792 seconds.
  path: Assets/Scripts/Managers/EventsManager.cs
  artifactKey: Guid(b02d05190110b9e439543d4d53c1c7a8) Importer(815301076,1909f56bfc062723c751e8b465ee728b)
Start importing Assets/Scripts/Managers/EventsManager.cs using Guid(b02d05190110b9e439543d4d53c1c7a8) Importer(815301076,1909f56bfc062723c751e8b465ee728b)  -> (artifact id: '655525b489294ce8dc7db97cf1f0d66b') in 0.003131 seconds
  Import took 0.006055 seconds .

========================================================================
Received Import Request.
  Time since last request: 7.174283 seconds.
  path: Assets/Scripts/Systems/MoveSystem.cs
  artifactKey: Guid(d0c9cde855faf274db5dfc6b0b0c517e) Importer(815301076,1909f56bfc062723c751e8b465ee728b)
Start importing Assets/Scripts/Systems/MoveSystem.cs using Guid(d0c9cde855faf274db5dfc6b0b0c517e) Importer(815301076,1909f56bfc062723c751e8b465ee728b)  -> (artifact id: '65f9415946d04306e074592127cf98b7') in 0.005580 seconds
  Import took 0.009037 seconds .

========================================================================
Received Import Request.
  Time since last request: 0.000512 seconds.
  path: Assets/Scripts/Systems/MoveSystem.cs
  artifactKey: Guid(d0c9cde855faf274db5dfc6b0b0c517e) Importer(815301076,1909f56bfc062723c751e8b465ee728b)
Start importing Assets/Scripts/Systems/MoveSystem.cs using Guid(d0c9cde855faf274db5dfc6b0b0c517e) Importer(815301076,1909f56bfc062723c751e8b465ee728b)  -> (artifact id: '65f9415946d04306e074592127cf98b7') in 0.002388 seconds
  Import took 0.005836 seconds .

========================================================================
Received Import Request.
  Time since last request: 34.582666 seconds.
  path: Assets/Scripts/Systems/MoveSystem.cs
  artifactKey: Guid(d0c9cde855faf274db5dfc6b0b0c517e) Importer(815301076,1909f56bfc062723c751e8b465ee728b)
Start importing Assets/Scripts/Systems/MoveSystem.cs using Guid(d0c9cde855faf274db5dfc6b0b0c517e) Importer(815301076,1909f56bfc062723c751e8b465ee728b)  -> (artifact id: '701ea3bc9283a361a81cd69c78da4973') in 0.006352 seconds
  Import took 0.011796 seconds .

========================================================================
Received Import Request.
  Time since last request: 0.002103 seconds.
  path: Assets/Scripts/Systems/MoveSystem.cs
  artifactKey: Guid(d0c9cde855faf274db5dfc6b0b0c517e) Importer(815301076,1909f56bfc062723c751e8b465ee728b)
Start importing Assets/Scripts/Systems/MoveSystem.cs using Guid(d0c9cde855faf274db5dfc6b0b0c517e) Importer(815301076,1909f56bfc062723c751e8b465ee728b)  -> (artifact id: '701ea3bc9283a361a81cd69c78da4973') in 0.002491 seconds
  Import took 0.006890 seconds .

========================================================================
Received Import Request.
  Time since last request: 20.056374 seconds.
  path: Assets/Scripts/Systems/MoveSystem.cs
  artifactKey: Guid(d0c9cde855faf274db5dfc6b0b0c517e) Importer(815301076,1909f56bfc062723c751e8b465ee728b)
Start importing Assets/Scripts/Systems/MoveSystem.cs using Guid(d0c9cde855faf274db5dfc6b0b0c517e) Importer(815301076,1909f56bfc062723c751e8b465ee728b)  -> (artifact id: '4052725da69dba75d9cb1d23c4259f28') in 0.002217 seconds
  Import took 0.005635 seconds .

========================================================================
Received Import Request.
  Time since last request: 35.359369 seconds.
  path: Assets/Scripts/Systems/MoveSystem.cs
  artifactKey: Guid(d0c9cde855faf274db5dfc6b0b0c517e) Importer(815301076,1909f56bfc062723c751e8b465ee728b)
Start importing Assets/Scripts/Systems/MoveSystem.cs using Guid(d0c9cde855faf274db5dfc6b0b0c517e) Importer(815301076,1909f56bfc062723c751e8b465ee728b)  -> (artifact id: '4d67eb0bddc5118f29f092e48e4fd55c') in 0.002498 seconds
  Import took 0.005738 seconds .

========================================================================
Received Import Request.
  Time since last request: 12.264635 seconds.
  path: Assets/Scripts/Systems/MoveSystem.cs
  artifactKey: Guid(d0c9cde855faf274db5dfc6b0b0c517e) Importer(815301076,1909f56bfc062723c751e8b465ee728b)
Start importing Assets/Scripts/Systems/MoveSystem.cs using Guid(d0c9cde855faf274db5dfc6b0b0c517e) Importer(815301076,1909f56bfc062723c751e8b465ee728b)  -> (artifact id: 'cd2b6819ad64a1000e620102dce2c571') in 0.001975 seconds
  Import took 0.004725 seconds .

========================================================================
Received Import Request.
  Time since last request: 8.479833 seconds.
  path: Assets/Scripts/Systems/MoveSystem.cs
  artifactKey: Guid(d0c9cde855faf274db5dfc6b0b0c517e) Importer(815301076,1909f56bfc062723c751e8b465ee728b)
Start importing Assets/Scripts/Systems/MoveSystem.cs using Guid(d0c9cde855faf274db5dfc6b0b0c517e) Importer(815301076,1909f56bfc062723c751e8b465ee728b)  -> (artifact id: 'f31c6429b70909505c93b55ceef947fe') in 0.002035 seconds
  Import took 0.004613 seconds .

========================================================================
Received Import Request.
  Time since last request: 6.284542 seconds.
  path: Assets/Scripts/Systems/MoveSystem.cs
  artifactKey: Guid(d0c9cde855faf274db5dfc6b0b0c517e) Importer(815301076,1909f56bfc062723c751e8b465ee728b)
Start importing Assets/Scripts/Systems/MoveSystem.cs using Guid(d0c9cde855faf274db5dfc6b0b0c517e) Importer(815301076,1909f56bfc062723c751e8b465ee728b)  -> (artifact id: '16f00d45f343aea3d97d012872264af2') in 0.002133 seconds
  Import took 0.007904 seconds .

========================================================================
Received Import Request.
  Time since last request: 0.003880 seconds.
  path: Assets/Scripts/Systems/MoveSystem.cs
  artifactKey: Guid(d0c9cde855faf274db5dfc6b0b0c517e) Importer(815301076,1909f56bfc062723c751e8b465ee728b)
Start importing Assets/Scripts/Systems/MoveSystem.cs using Guid(d0c9cde855faf274db5dfc6b0b0c517e) Importer(815301076,1909f56bfc062723c751e8b465ee728b)  -> (artifact id: '16f00d45f343aea3d97d012872264af2') in 0.002675 seconds
  Import took 0.005370 seconds .

========================================================================
Received Import Request.
  Time since last request: 4.996326 seconds.
  path: Assets/Scripts/Systems/MoveSystem.cs
  artifactKey: Guid(d0c9cde855faf274db5dfc6b0b0c517e) Importer(815301076,1909f56bfc062723c751e8b465ee728b)
Start importing Assets/Scripts/Systems/MoveSystem.cs using Guid(d0c9cde855faf274db5dfc6b0b0c517e) Importer(815301076,1909f56bfc062723c751e8b465ee728b)  -> (artifact id: 'e3c0498175d74815182155a8bf500ff9') in 0.001757 seconds
  Import took 0.004420 seconds .

========================================================================
Received Import Request.
  Time since last request: 4.293681 seconds.
  path: Assets/Scripts/Systems/MoveSystem.cs
  artifactKey: Guid(d0c9cde855faf274db5dfc6b0b0c517e) Importer(815301076,1909f56bfc062723c751e8b465ee728b)
Start importing Assets/Scripts/Systems/MoveSystem.cs using Guid(d0c9cde855faf274db5dfc6b0b0c517e) Importer(815301076,1909f56bfc062723c751e8b465ee728b)  -> (artifact id: '80a1f0222f7e5920972e880dee759baf') in 0.002168 seconds
  Import took 0.004839 seconds .

========================================================================
Received Import Request.
  Time since last request: 20.212467 seconds.
  path: Assets/Scripts/Systems/MoveSystem.cs
  artifactKey: Guid(d0c9cde855faf274db5dfc6b0b0c517e) Importer(815301076,1909f56bfc062723c751e8b465ee728b)
Start importing Assets/Scripts/Systems/MoveSystem.cs using Guid(d0c9cde855faf274db5dfc6b0b0c517e) Importer(815301076,1909f56bfc062723c751e8b465ee728b)  -> (artifact id: '6ff973dd0854c6e5da9e0713ba718ee6') in 0.001939 seconds
  Import took 0.004565 seconds .

========================================================================
Received Import Request.
  Time since last request: 71.242932 seconds.
  path: Assets/Scripts/Systems/MoveSystem.cs
  artifactKey: Guid(d0c9cde855faf274db5dfc6b0b0c517e) Importer(815301076,1909f56bfc062723c751e8b465ee728b)
Start importing Assets/Scripts/Systems/MoveSystem.cs using Guid(d0c9cde855faf274db5dfc6b0b0c517e) Importer(815301076,1909f56bfc062723c751e8b465ee728b)  -> (artifact id: '9b55083af4008e623f0917c4e6307bf6') in 0.001816 seconds
  Import took 0.004392 seconds .

========================================================================
Received Import Request.
  Time since last request: 3.183503 seconds.
  path: Assets/Scripts/Systems/MoveSystem.cs
  artifactKey: Guid(d0c9cde855faf274db5dfc6b0b0c517e) Importer(815301076,1909f56bfc062723c751e8b465ee728b)
Start importing Assets/Scripts/Systems/MoveSystem.cs using Guid(d0c9cde855faf274db5dfc6b0b0c517e) Importer(815301076,1909f56bfc062723c751e8b465ee728b)  -> (artifact id: 'ce1ae7a9ea328ee33e73019b264c819e') in 0.002057 seconds
  Import took 0.005259 seconds .

========================================================================
Received Import Request.
  Time since last request: 5.674791 seconds.
  path: Assets/Scripts/Systems/MoveSystem.cs
  artifactKey: Guid(d0c9cde855faf274db5dfc6b0b0c517e) Importer(815301076,1909f56bfc062723c751e8b465ee728b)
Start importing Assets/Scripts/Systems/MoveSystem.cs using Guid(d0c9cde855faf274db5dfc6b0b0c517e) Importer(815301076,1909f56bfc062723c751e8b465ee728b)  -> (artifact id: '0fe7f9942abfc6b2838ef2e5f687e133') in 0.001745 seconds
  Import took 0.004318 seconds .

========================================================================
Received Import Request.
  Time since last request: 12.151339 seconds.
  path: Assets/Scripts/Systems/MoveSystem.cs
  artifactKey: Guid(d0c9cde855faf274db5dfc6b0b0c517e) Importer(815301076,1909f56bfc062723c751e8b465ee728b)
Start importing Assets/Scripts/Systems/MoveSystem.cs using Guid(d0c9cde855faf274db5dfc6b0b0c517e) Importer(815301076,1909f56bfc062723c751e8b465ee728b)  -> (artifact id: '5c269d952c9c2f1b3df86f729220cb49') in 0.001871 seconds
  Import took 0.004328 seconds .

========================================================================
Received Prepare
Registering precompiled user dll's ...
Registered in 0.001147 seconds.
Begin MonoManager ReloadAssembly
Native extension for WindowsStandalone target not found
Native extension for WebGL target not found
Refreshing native plugins compatible for Editor in 0.32 ms, found 1 plugins.
Preloading 0 native plugins for Editor in 0.00 ms.
Mono: successfully reloaded assembly
- Completed reload, in  0.813 seconds
Platform modules already initialized, skipping
Switching build target platform(5) subTarget(0) extendedPlatform(0) -> platform(13) subTarget(537395200) extendedPlatform(0)
Refreshing native plugins compatible for Editor in 0.32 ms, found 1 plugins.
Preloading 0 native plugins for Editor in 0.00 ms.
Unloading 1823 Unused Serialized files (Serialized files now loaded: 0)
System memory in use before: 85.8 MB.
System memory in use after: 85.9 MB.

Unloading 7 unused Assets to reduce memory usage. Loaded Objects now: 2294.
Total: 1.900600 ms (FindLiveObjects: 0.162900 ms CreateObjectMapping: 0.060400 ms MarkObjects: 1.663300 ms  DeleteObjects: 0.013100 ms)

AssetImportParameters requested are different than current active one (requested -> active):
  custom:graphics/normal-map-encoding: 01000000000000000000000000000000 -> 02000000000000000000000000000000
========================================================================
Received Prepare
Registering precompiled user dll's ...
Registered in 0.001135 seconds.
Begin MonoManager ReloadAssembly
Native extension for WindowsStandalone target not found
Native extension for WebGL target not found
Refreshing native plugins compatible for Editor in 0.32 ms, found 1 plugins.
Preloading 0 native plugins for Editor in 0.00 ms.
Mono: successfully reloaded assembly
- Completed reload, in  0.841 seconds
Platform modules already initialized, skipping
Switching build target platform(5) subTarget(0) extendedPlatform(0) -> platform(13) subTarget(537395200) extendedPlatform(0)
Refreshing native plugins compatible for Editor in 0.32 ms, found 1 plugins.
Preloading 0 native plugins for Editor in 0.00 ms.
Unloading 1823 Unused Serialized files (Serialized files now loaded: 0)
System memory in use before: 85.8 MB.
System memory in use after: 85.9 MB.

Unloading 7 unused Assets to reduce memory usage. Loaded Objects now: 2298.
Total: 2.140400 ms (FindLiveObjects: 0.363300 ms CreateObjectMapping: 0.148500 ms MarkObjects: 1.610700 ms  DeleteObjects: 0.016000 ms)

AssetImportParameters requested are different than current active one (requested -> active):
  custom:graphics/normal-map-encoding: 01000000000000000000000000000000 -> 02000000000000000000000000000000
========================================================================
Received Import Request.
  Time since last request: 517.209237 seconds.
  path: Assets/Scripts/Systems/MoveSystem.cs
  artifactKey: Guid(d0c9cde855faf274db5dfc6b0b0c517e) Importer(815301076,1909f56bfc062723c751e8b465ee728b)
Start importing Assets/Scripts/Systems/MoveSystem.cs using Guid(d0c9cde855faf274db5dfc6b0b0c517e) Importer(815301076,1909f56bfc062723c751e8b465ee728b)  -> (artifact id: '754eb2c315bb0d4329645afb137115f9') in 0.004405 seconds
  Import took 0.007038 seconds .

========================================================================
Received Import Request.
  Time since last request: 0.002883 seconds.
  path: Assets/Scripts/Systems/MoveSystem.cs
  artifactKey: Guid(d0c9cde855faf274db5dfc6b0b0c517e) Importer(815301076,1909f56bfc062723c751e8b465ee728b)
Start importing Assets/Scripts/Systems/MoveSystem.cs using Guid(d0c9cde855faf274db5dfc6b0b0c517e) Importer(815301076,1909f56bfc062723c751e8b465ee728b)  -> (artifact id: '754eb2c315bb0d4329645afb137115f9') in 0.001883 seconds
  Import took 0.004190 seconds .

========================================================================
Received Prepare
Registering precompiled user dll's ...
Registered in 0.001204 seconds.
Begin MonoManager ReloadAssembly
Native extension for WindowsStandalone target not found
Native extension for WebGL target not found
Refreshing native plugins compatible for Editor in 0.32 ms, found 1 plugins.
Preloading 0 native plugins for Editor in 0.00 ms.
Mono: successfully reloaded assembly
- Completed reload, in  0.807 seconds
Platform modules already initialized, skipping
Switching build target platform(5) subTarget(0) extendedPlatform(0) -> platform(13) subTarget(537395200) extendedPlatform(0)
Refreshing native plugins compatible for Editor in 0.30 ms, found 1 plugins.
Preloading 0 native plugins for Editor in 0.00 ms.
Unloading 1823 Unused Serialized files (Serialized files now loaded: 0)
System memory in use before: 85.8 MB.
System memory in use after: 85.9 MB.

Unloading 7 unused Assets to reduce memory usage. Loaded Objects now: 2302.
Total: 1.902100 ms (FindLiveObjects: 0.227800 ms CreateObjectMapping: 0.057800 ms MarkObjects: 1.603300 ms  DeleteObjects: 0.012400 ms)

AssetImportParameters requested are different than current active one (requested -> active):
  custom:graphics/normal-map-encoding: 01000000000000000000000000000000 -> 02000000000000000000000000000000
========================================================================
Received Import Request.
  Time since last request: 31.506378 seconds.
  path: Assets/Scripts/Systems/MoveSystem.cs
  artifactKey: Guid(d0c9cde855faf274db5dfc6b0b0c517e) Importer(815301076,1909f56bfc062723c751e8b465ee728b)
Start importing Assets/Scripts/Systems/MoveSystem.cs using Guid(d0c9cde855faf274db5dfc6b0b0c517e) Importer(815301076,1909f56bfc062723c751e8b465ee728b)  -> (artifact id: 'cdd08d5289798bfcb89aca4b47d93713') in 0.004133 seconds
  Import took 0.006834 seconds .

========================================================================
Received Import Request.
  Time since last request: 0.002065 seconds.
  path: Assets/Scripts/Systems/MoveSystem.cs
  artifactKey: Guid(d0c9cde855faf274db5dfc6b0b0c517e) Importer(815301076,1909f56bfc062723c751e8b465ee728b)
Start importing Assets/Scripts/Systems/MoveSystem.cs using Guid(d0c9cde855faf274db5dfc6b0b0c517e) Importer(815301076,1909f56bfc062723c751e8b465ee728b)  -> (artifact id: 'cdd08d5289798bfcb89aca4b47d93713') in 0.001984 seconds
  Import took 0.004280 seconds .

========================================================================
Received Prepare
Registering precompiled user dll's ...
Registered in 0.000954 seconds.
Begin MonoManager ReloadAssembly
Native extension for WindowsStandalone target not found
Native extension for WebGL target not found
Refreshing native plugins compatible for Editor in 0.35 ms, found 1 plugins.
Preloading 0 native plugins for Editor in 0.00 ms.
Mono: successfully reloaded assembly
- Completed reload, in  1.007 seconds
Platform modules already initialized, skipping
Switching build target platform(5) subTarget(0) extendedPlatform(0) -> platform(13) subTarget(537395200) extendedPlatform(0)
Refreshing native plugins compatible for Editor in 0.48 ms, found 1 plugins.
Preloading 0 native plugins for Editor in 0.00 ms.
Unloading 1823 Unused Serialized files (Serialized files now loaded: 0)
System memory in use before: 85.8 MB.
System memory in use after: 86.0 MB.

Unloading 7 unused Assets to reduce memory usage. Loaded Objects now: 2306.
Total: 2.077800 ms (FindLiveObjects: 0.244100 ms CreateObjectMapping: 0.086400 ms MarkObjects: 1.731500 ms  DeleteObjects: 0.014500 ms)

AssetImportParameters requested are different than current active one (requested -> active):
  custom:graphics/normal-map-encoding: 01000000000000000000000000000000 -> 02000000000000000000000000000000
========================================================================
Received Prepare
Registering precompiled user dll's ...
Registered in 0.001675 seconds.
Begin MonoManager ReloadAssembly
Native extension for WindowsStandalone target not found
Native extension for WebGL target not found
Refreshing native plugins compatible for Editor in 0.32 ms, found 1 plugins.
Preloading 0 native plugins for Editor in 0.00 ms.
Mono: successfully reloaded assembly
- Completed reload, in  0.829 seconds
Platform modules already initialized, skipping
Switching build target platform(5) subTarget(0) extendedPlatform(0) -> platform(13) subTarget(537395200) extendedPlatform(0)
Refreshing native plugins compatible for Editor in 0.32 ms, found 1 plugins.
Preloading 0 native plugins for Editor in 0.00 ms.
Unloading 1823 Unused Serialized files (Serialized files now loaded: 0)
System memory in use before: 85.9 MB.
System memory in use after: 86.0 MB.

Unloading 7 unused Assets to reduce memory usage. Loaded Objects now: 2310.
Total: 2.061600 ms (FindLiveObjects: 0.192900 ms CreateObjectMapping: 0.085100 ms MarkObjects: 1.768100 ms  DeleteObjects: 0.014200 ms)

AssetImportParameters requested are different than current active one (requested -> active):
  custom:graphics/normal-map-encoding: 01000000000000000000000000000000 -> 02000000000000000000000000000000
========================================================================
Received Import Request.
  Time since last request: 139.999864 seconds.
  path: Assets/Scripts/Systems/MoveSystem.cs
  artifactKey: Guid(d0c9cde855faf274db5dfc6b0b0c517e) Importer(815301076,1909f56bfc062723c751e8b465ee728b)
Start importing Assets/Scripts/Systems/MoveSystem.cs using Guid(d0c9cde855faf274db5dfc6b0b0c517e) Importer(815301076,1909f56bfc062723c751e8b465ee728b)  -> (artifact id: '87905cb6c83113966a954cc5dfe7e550') in 0.004037 seconds
  Import took 0.006573 seconds .

========================================================================
Received Import Request.
  Time since last request: 9.150002 seconds.
  path: Assets/Scripts/Card Handlers/AcePileHandler.cs
  artifactKey: Guid(a95772a63b4f5d64bbe7f9492ece530a) Importer(815301076,1909f56bfc062723c751e8b465ee728b)
Start importing Assets/Scripts/Card Handlers/AcePileHandler.cs using Guid(a95772a63b4f5d64bbe7f9492ece530a) Importer(815301076,1909f56bfc062723c751e8b465ee728b)  -> (artifact id: '3b721dbceee70f87f297b7a5ac6a34e6') in 0.006669 seconds
  Import took 0.009884 seconds .

========================================================================
Received Import Request.
  Time since last request: 0.000832 seconds.
  path: Assets/Scripts/Card Handlers/AcePileHandler.cs
  artifactKey: Guid(a95772a63b4f5d64bbe7f9492ece530a) Importer(815301076,1909f56bfc062723c751e8b465ee728b)
Start importing Assets/Scripts/Card Handlers/AcePileHandler.cs using Guid(a95772a63b4f5d64bbe7f9492ece530a) Importer(815301076,1909f56bfc062723c751e8b465ee728b)  -> (artifact id: '3b721dbceee70f87f297b7a5ac6a34e6') in 0.002367 seconds
  Import took 0.005515 seconds .

========================================================================
Received Prepare
Registering precompiled user dll's ...
Registered in 0.000921 seconds.
Begin MonoManager ReloadAssembly
Native extension for WindowsStandalone target not found
Native extension for WebGL target not found
Refreshing native plugins compatible for Editor in 0.37 ms, found 1 plugins.
Preloading 0 native plugins for Editor in 0.00 ms.
Mono: successfully reloaded assembly
- Completed reload, in  0.953 seconds
Platform modules already initialized, skipping
Switching build target platform(5) subTarget(0) extendedPlatform(0) -> platform(13) subTarget(537395200) extendedPlatform(0)
Refreshing native plugins compatible for Editor in 0.35 ms, found 1 plugins.
Preloading 0 native plugins for Editor in 0.00 ms.
Unloading 1823 Unused Serialized files (Serialized files now loaded: 0)
System memory in use before: 85.9 MB.
System memory in use after: 86.0 MB.

Unloading 7 unused Assets to reduce memory usage. Loaded Objects now: 2314.
Total: 1.866200 ms (FindLiveObjects: 0.182900 ms CreateObjectMapping: 0.056100 ms MarkObjects: 1.612100 ms  DeleteObjects: 0.014100 ms)

AssetImportParameters requested are different than current active one (requested -> active):
  custom:graphics/normal-map-encoding: 01000000000000000000000000000000 -> 02000000000000000000000000000000
========================================================================
Received Import Request.
  Time since last request: 51.763794 seconds.
  path: Assets/Scripts/Utils/GlobalData.cs
  artifactKey: Guid(d806eb5f271c9714b8f4fb3f7eb7eea2) Importer(815301076,1909f56bfc062723c751e8b465ee728b)
Start importing Assets/Scripts/Utils/GlobalData.cs using Guid(d806eb5f271c9714b8f4fb3f7eb7eea2) Importer(815301076,1909f56bfc062723c751e8b465ee728b)  -> (artifact id: '69ddb988064f4af95e6d2f4d579683ed') in 0.007328 seconds
  Import took 0.009988 seconds .

========================================================================
Received Import Request.
  Time since last request: 0.019131 seconds.
  path: Assets/Scripts/Utils/GlobalData.cs
  artifactKey: Guid(d806eb5f271c9714b8f4fb3f7eb7eea2) Importer(815301076,1909f56bfc062723c751e8b465ee728b)
Start importing Assets/Scripts/Utils/GlobalData.cs using Guid(d806eb5f271c9714b8f4fb3f7eb7eea2) Importer(815301076,1909f56bfc062723c751e8b465ee728b)  -> (artifact id: '69ddb988064f4af95e6d2f4d579683ed') in 0.003175 seconds
  Import took 0.006770 seconds .

========================================================================
Received Import Request.
  Time since last request: 4.084432 seconds.
  path: Assets/Scripts/Managers/EventsManager.cs
  artifactKey: Guid(b02d05190110b9e439543d4d53c1c7a8) Importer(815301076,1909f56bfc062723c751e8b465ee728b)
Start importing Assets/Scripts/Managers/EventsManager.cs using Guid(b02d05190110b9e439543d4d53c1c7a8) Importer(815301076,1909f56bfc062723c751e8b465ee728b)  -> (artifact id: '8f32cefd8cd71f74d545847f75c36f79') in 0.002350 seconds
  Import took 0.004943 seconds .

========================================================================
Received Import Request.
  Time since last request: 0.000719 seconds.
  path: Assets/Scripts/Managers/EventsManager.cs
  artifactKey: Guid(b02d05190110b9e439543d4d53c1c7a8) Importer(815301076,1909f56bfc062723c751e8b465ee728b)
Start importing Assets/Scripts/Managers/EventsManager.cs using Guid(b02d05190110b9e439543d4d53c1c7a8) Importer(815301076,1909f56bfc062723c751e8b465ee728b)  -> (artifact id: '8f32cefd8cd71f74d545847f75c36f79') in 0.002681 seconds
  Import took 0.005498 seconds .

========================================================================
Received Prepare
Registering precompiled user dll's ...
Registered in 0.000941 seconds.
Begin MonoManager ReloadAssembly
Native extension for WindowsStandalone target not found
Native extension for WebGL target not found
Refreshing native plugins compatible for Editor in 0.33 ms, found 1 plugins.
Preloading 0 native plugins for Editor in 0.00 ms.
Mono: successfully reloaded assembly
- Completed reload, in  0.879 seconds
Platform modules already initialized, skipping
Switching build target platform(5) subTarget(0) extendedPlatform(0) -> platform(13) subTarget(537395200) extendedPlatform(0)
Refreshing native plugins compatible for Editor in 0.33 ms, found 1 plugins.
Preloading 0 native plugins for Editor in 0.00 ms.
Unloading 1823 Unused Serialized files (Serialized files now loaded: 0)
System memory in use before: 85.9 MB.
System memory in use after: 86.0 MB.

Unloading 7 unused Assets to reduce memory usage. Loaded Objects now: 2318.
Total: 1.901900 ms (FindLiveObjects: 0.189800 ms CreateObjectMapping: 0.063900 ms MarkObjects: 1.632100 ms  DeleteObjects: 0.014900 ms)

AssetImportParameters requested are different than current active one (requested -> active):
  custom:graphics/normal-map-encoding: 01000000000000000000000000000000 -> 02000000000000000000000000000000
========================================================================
Received Import Request.
  Time since last request: 389.033230 seconds.
  path: Assets/Scripts/Managers/EventsManager.cs
  artifactKey: Guid(b02d05190110b9e439543d4d53c1c7a8) Importer(815301076,1909f56bfc062723c751e8b465ee728b)
Start importing Assets/Scripts/Managers/EventsManager.cs using Guid(b02d05190110b9e439543d4d53c1c7a8) Importer(815301076,1909f56bfc062723c751e8b465ee728b)  -> (artifact id: '11eda16c0d10e2466b463aa1c93fa663') in 0.004204 seconds
  Import took 0.006720 seconds .

========================================================================
Received Prepare
Registering precompiled user dll's ...
Registered in 0.000898 seconds.
Begin MonoManager ReloadAssembly
Native extension for WindowsStandalone target not found
Native extension for WebGL target not found
Refreshing native plugins compatible for Editor in 0.34 ms, found 1 plugins.
Preloading 0 native plugins for Editor in 0.00 ms.
Mono: successfully reloaded assembly
- Completed reload, in  0.876 seconds
Platform modules already initialized, skipping
Switching build target platform(5) subTarget(0) extendedPlatform(0) -> platform(13) subTarget(537395200) extendedPlatform(0)
Refreshing native plugins compatible for Editor in 0.32 ms, found 1 plugins.
Preloading 0 native plugins for Editor in 0.00 ms.
Unloading 1823 Unused Serialized files (Serialized files now loaded: 0)
System memory in use before: 85.9 MB.
System memory in use after: 86.0 MB.

Unloading 7 unused Assets to reduce memory usage. Loaded Objects now: 2322.
Total: 1.923800 ms (FindLiveObjects: 0.172800 ms CreateObjectMapping: 0.059400 ms MarkObjects: 1.677100 ms  DeleteObjects: 0.013400 ms)

AssetImportParameters requested are different than current active one (requested -> active):
  custom:graphics/normal-map-encoding: 01000000000000000000000000000000 -> 02000000000000000000000000000000
========================================================================
Received Prepare
Registering precompiled user dll's ...
Registered in 0.000929 seconds.
Begin MonoManager ReloadAssembly
Native extension for WindowsStandalone target not found
Native extension for WebGL target not found
Refreshing native plugins compatible for Editor in 0.32 ms, found 1 plugins.
Preloading 0 native plugins for Editor in 0.00 ms.
Mono: successfully reloaded assembly
- Completed reload, in  0.862 seconds
Platform modules already initialized, skipping
Switching build target platform(5) subTarget(0) extendedPlatform(0) -> platform(13) subTarget(537395200) extendedPlatform(0)
Refreshing native plugins compatible for Editor in 0.30 ms, found 1 plugins.
Preloading 0 native plugins for Editor in 0.00 ms.
Unloading 1823 Unused Serialized files (Serialized files now loaded: 0)
System memory in use before: 85.9 MB.
System memory in use after: 86.0 MB.

Unloading 7 unused Assets to reduce memory usage. Loaded Objects now: 2326.
Total: 1.729900 ms (FindLiveObjects: 0.162000 ms CreateObjectMapping: 0.064300 ms MarkObjects: 1.490500 ms  DeleteObjects: 0.012200 ms)

AssetImportParameters requested are different than current active one (requested -> active):
  custom:graphics/normal-map-encoding: 01000000000000000000000000000000 -> 02000000000000000000000000000000
========================================================================
Received Prepare
Registering precompiled user dll's ...
Registered in 0.000982 seconds.
Begin MonoManager ReloadAssembly
Native extension for WindowsStandalone target not found
Native extension for WebGL target not found
Refreshing native plugins compatible for Editor in 0.32 ms, found 1 plugins.
Preloading 0 native plugins for Editor in 0.00 ms.
Mono: successfully reloaded assembly
- Completed reload, in  0.867 seconds
Platform modules already initialized, skipping
Switching build target platform(5) subTarget(0) extendedPlatform(0) -> platform(13) subTarget(537395200) extendedPlatform(0)
Refreshing native plugins compatible for Editor in 0.31 ms, found 1 plugins.
Preloading 0 native plugins for Editor in 0.00 ms.
Unloading 1823 Unused Serialized files (Serialized files now loaded: 0)
System memory in use before: 85.9 MB.
System memory in use after: 86.0 MB.

Unloading 7 unused Assets to reduce memory usage. Loaded Objects now: 2330.
Total: 1.936800 ms (FindLiveObjects: 0.326300 ms CreateObjectMapping: 0.119700 ms MarkObjects: 1.477000 ms  DeleteObjects: 0.012700 ms)

AssetImportParameters requested are different than current active one (requested -> active):
  custom:graphics/normal-map-encoding: 01000000000000000000000000000000 -> 02000000000000000000000000000000
========================================================================
Received Prepare
Registering precompiled user dll's ...
Registered in 0.000906 seconds.
Begin MonoManager ReloadAssembly
Native extension for WindowsStandalone target not found
Native extension for WebGL target not found
Refreshing native plugins compatible for Editor in 0.48 ms, found 1 plugins.
Preloading 0 native plugins for Editor in 0.00 ms.
Mono: successfully reloaded assembly
- Completed reload, in  0.867 seconds
Platform modules already initialized, skipping
Switching build target platform(5) subTarget(0) extendedPlatform(0) -> platform(13) subTarget(537395200) extendedPlatform(0)
Refreshing native plugins compatible for Editor in 0.34 ms, found 1 plugins.
Preloading 0 native plugins for Editor in 0.00 ms.
Unloading 1823 Unused Serialized files (Serialized files now loaded: 0)
System memory in use before: 85.9 MB.
System memory in use after: 86.0 MB.

Unloading 7 unused Assets to reduce memory usage. Loaded Objects now: 2334.
Total: 2.272000 ms (FindLiveObjects: 0.280100 ms CreateObjectMapping: 0.169000 ms MarkObjects: 1.808700 ms  DeleteObjects: 0.013300 ms)

AssetImportParameters requested are different than current active one (requested -> active):
  custom:graphics/normal-map-encoding: 01000000000000000000000000000000 -> 02000000000000000000000000000000
========================================================================
Received Prepare
Registering precompiled user dll's ...
Registered in 0.000891 seconds.
Begin MonoManager ReloadAssembly
Native extension for WindowsStandalone target not found
Native extension for WebGL target not found
Refreshing native plugins compatible for Editor in 0.34 ms, found 1 plugins.
Preloading 0 native plugins for Editor in 0.00 ms.
Mono: successfully reloaded assembly
- Completed reload, in  0.905 seconds
Platform modules already initialized, skipping
Switching build target platform(5) subTarget(0) extendedPlatform(0) -> platform(13) subTarget(537395200) extendedPlatform(0)
Refreshing native plugins compatible for Editor in 0.33 ms, found 1 plugins.
Preloading 0 native plugins for Editor in 0.00 ms.
Unloading 1823 Unused Serialized files (Serialized files now loaded: 0)
System memory in use before: 85.9 MB.
System memory in use after: 86.0 MB.

Unloading 7 unused Assets to reduce memory usage. Loaded Objects now: 2338.
Total: 1.985600 ms (FindLiveObjects: 0.178800 ms CreateObjectMapping: 0.063100 ms MarkObjects: 1.728900 ms  DeleteObjects: 0.013700 ms)

AssetImportParameters requested are different than current active one (requested -> active):
  custom:graphics/normal-map-encoding: 01000000000000000000000000000000 -> 02000000000000000000000000000000
========================================================================
Received Prepare
Registering precompiled user dll's ...
Registered in 0.000809 seconds.
Begin MonoManager ReloadAssembly
Native extension for WindowsStandalone target not found
Native extension for WebGL target not found
Refreshing native plugins compatible for Editor in 0.32 ms, found 1 plugins.
Preloading 0 native plugins for Editor in 0.00 ms.
Mono: successfully reloaded assembly
- Completed reload, in  0.914 seconds
Platform modules already initialized, skipping
Switching build target platform(5) subTarget(0) extendedPlatform(0) -> platform(13) subTarget(537395200) extendedPlatform(0)
Refreshing native plugins compatible for Editor in 0.31 ms, found 1 plugins.
Preloading 0 native plugins for Editor in 0.00 ms.
Unloading 1823 Unused Serialized files (Serialized files now loaded: 0)
System memory in use before: 85.9 MB.
System memory in use after: 86.0 MB.

Unloading 7 unused Assets to reduce memory usage. Loaded Objects now: 2342.
Total: 2.049300 ms (FindLiveObjects: 0.199400 ms CreateObjectMapping: 0.083400 ms MarkObjects: 1.742900 ms  DeleteObjects: 0.022500 ms)

AssetImportParameters requested are different than current active one (requested -> active):
  custom:graphics/normal-map-encoding: 01000000000000000000000000000000 -> 02000000000000000000000000000000
========================================================================
Received Prepare
Registering precompiled user dll's ...
Registered in 0.000885 seconds.
Begin MonoManager ReloadAssembly
Native extension for WindowsStandalone target not found
Native extension for WebGL target not found
Refreshing native plugins compatible for Editor in 0.32 ms, found 1 plugins.
Preloading 0 native plugins for Editor in 0.00 ms.
Mono: successfully reloaded assembly
- Completed reload, in  0.907 seconds
Platform modules already initialized, skipping
Switching build target platform(5) subTarget(0) extendedPlatform(0) -> platform(13) subTarget(537395200) extendedPlatform(0)
Refreshing native plugins compatible for Editor in 0.30 ms, found 1 plugins.
Preloading 0 native plugins for Editor in 0.00 ms.
Unloading 1823 Unused Serialized files (Serialized files now loaded: 0)
System memory in use before: 85.9 MB.
System memory in use after: 86.1 MB.

Unloading 7 unused Assets to reduce memory usage. Loaded Objects now: 2346.
Total: 1.963600 ms (FindLiveObjects: 0.290000 ms CreateObjectMapping: 0.051200 ms MarkObjects: 1.604300 ms  DeleteObjects: 0.016500 ms)

AssetImportParameters requested are different than current active one (requested -> active):
  custom:graphics/normal-map-encoding: 01000000000000000000000000000000 -> 02000000000000000000000000000000
========================================================================
Received Prepare
Registering precompiled user dll's ...
Registered in 0.000884 seconds.
Begin MonoManager ReloadAssembly
Native extension for WindowsStandalone target not found
Native extension for WebGL target not found
Refreshing native plugins compatible for Editor in 0.32 ms, found 1 plugins.
Preloading 0 native plugins for Editor in 0.00 ms.
Mono: successfully reloaded assembly
- Completed reload, in  0.932 seconds
Platform modules already initialized, skipping
Switching build target platform(5) subTarget(0) extendedPlatform(0) -> platform(13) subTarget(537395200) extendedPlatform(0)
Refreshing native plugins compatible for Editor in 0.32 ms, found 1 plugins.
Preloading 0 native plugins for Editor in 0.00 ms.
Unloading 1823 Unused Serialized files (Serialized files now loaded: 0)
System memory in use before: 86.0 MB.
System memory in use after: 86.1 MB.

Unloading 7 unused Assets to reduce memory usage. Loaded Objects now: 2350.
Total: 2.392600 ms (FindLiveObjects: 0.201000 ms CreateObjectMapping: 0.072000 ms MarkObjects: 2.092700 ms  DeleteObjects: 0.025700 ms)

AssetImportParameters requested are different than current active one (requested -> active):
  custom:graphics/normal-map-encoding: 01000000000000000000000000000000 -> 02000000000000000000000000000000
========================================================================
Received Import Request.
  Time since last request: 1197.682035 seconds.
  path: Assets/Scripts/Systems/MoveSystem.cs
  artifactKey: Guid(d0c9cde855faf274db5dfc6b0b0c517e) Importer(815301076,1909f56bfc062723c751e8b465ee728b)
Start importing Assets/Scripts/Systems/MoveSystem.cs using Guid(d0c9cde855faf274db5dfc6b0b0c517e) Importer(815301076,1909f56bfc062723c751e8b465ee728b)  -> (artifact id: 'ae40c1d4cd482fc7833614c203e7a205') in 0.004926 seconds
  Import took 0.007936 seconds .

========================================================================
Received Import Request.
  Time since last request: 0.000676 seconds.
  path: Assets/Scripts/Systems/MoveSystem.cs
  artifactKey: Guid(d0c9cde855faf274db5dfc6b0b0c517e) Importer(815301076,1909f56bfc062723c751e8b465ee728b)
Start importing Assets/Scripts/Systems/MoveSystem.cs using Guid(d0c9cde855faf274db5dfc6b0b0c517e) Importer(815301076,1909f56bfc062723c751e8b465ee728b)  -> (artifact id: 'ae40c1d4cd482fc7833614c203e7a205') in 0.002142 seconds
  Import took 0.005149 seconds .

========================================================================
Received Prepare
Registering precompiled user dll's ...
Registered in 0.001351 seconds.
Begin MonoManager ReloadAssembly
Native extension for WindowsStandalone target not found
Native extension for WebGL target not found
Refreshing native plugins compatible for Editor in 0.33 ms, found 1 plugins.
Preloading 0 native plugins for Editor in 0.00 ms.
Mono: successfully reloaded assembly
- Completed reload, in  0.909 seconds
Platform modules already initialized, skipping
Switching build target platform(5) subTarget(0) extendedPlatform(0) -> platform(13) subTarget(537395200) extendedPlatform(0)
Refreshing native plugins compatible for Editor in 0.32 ms, found 1 plugins.
Preloading 0 native plugins for Editor in 0.00 ms.
Unloading 1823 Unused Serialized files (Serialized files now loaded: 0)
System memory in use before: 86.0 MB.
System memory in use after: 86.1 MB.

Unloading 7 unused Assets to reduce memory usage. Loaded Objects now: 2354.
Total: 1.919300 ms (FindLiveObjects: 0.161600 ms CreateObjectMapping: 0.054900 ms MarkObjects: 1.685800 ms  DeleteObjects: 0.016300 ms)

AssetImportParameters requested are different than current active one (requested -> active):
  custom:graphics/normal-map-encoding: 01000000000000000000000000000000 -> 02000000000000000000000000000000
========================================================================
Received Import Request.
  Time since last request: 17.608509 seconds.
  path: Assets/Scripts/Systems/MoveSystem.cs
  artifactKey: Guid(d0c9cde855faf274db5dfc6b0b0c517e) Importer(815301076,1909f56bfc062723c751e8b465ee728b)
Start importing Assets/Scripts/Systems/MoveSystem.cs using Guid(d0c9cde855faf274db5dfc6b0b0c517e) Importer(815301076,1909f56bfc062723c751e8b465ee728b)  -> (artifact id: '8d2fd54a95cc6e8ec9b8b6785fec5a31') in 0.004665 seconds
  Import took 0.007300 seconds .

========================================================================
Received Import Request.
  Time since last request: 0.002426 seconds.
  path: Assets/Scripts/Systems/MoveSystem.cs
  artifactKey: Guid(d0c9cde855faf274db5dfc6b0b0c517e) Importer(815301076,1909f56bfc062723c751e8b465ee728b)
Start importing Assets/Scripts/Systems/MoveSystem.cs using Guid(d0c9cde855faf274db5dfc6b0b0c517e) Importer(815301076,1909f56bfc062723c751e8b465ee728b)  -> (artifact id: '8d2fd54a95cc6e8ec9b8b6785fec5a31') in 0.002096 seconds
  Import took 0.004569 seconds .

========================================================================
Received Prepare
Registering precompiled user dll's ...
Registered in 0.000900 seconds.
Begin MonoManager ReloadAssembly
Native extension for WindowsStandalone target not found
Native extension for WebGL target not found
Refreshing native plugins compatible for Editor in 0.39 ms, found 1 plugins.
Preloading 0 native plugins for Editor in 0.00 ms.
Mono: successfully reloaded assembly
- Completed reload, in  0.923 seconds
Platform modules already initialized, skipping
Switching build target platform(5) subTarget(0) extendedPlatform(0) -> platform(13) subTarget(537395200) extendedPlatform(0)
Refreshing native plugins compatible for Editor in 0.33 ms, found 1 plugins.
Preloading 0 native plugins for Editor in 0.00 ms.
Unloading 1823 Unused Serialized files (Serialized files now loaded: 0)
System memory in use before: 86.0 MB.
System memory in use after: 86.1 MB.

Unloading 7 unused Assets to reduce memory usage. Loaded Objects now: 2358.
Total: 2.433800 ms (FindLiveObjects: 0.473800 ms CreateObjectMapping: 0.154200 ms MarkObjects: 1.788200 ms  DeleteObjects: 0.015900 ms)

AssetImportParameters requested are different than current active one (requested -> active):
  custom:graphics/normal-map-encoding: 01000000000000000000000000000000 -> 02000000000000000000000000000000
========================================================================
Received Prepare
Registering precompiled user dll's ...
Registered in 0.000925 seconds.
Begin MonoManager ReloadAssembly
Native extension for WindowsStandalone target not found
Native extension for WebGL target not found
Refreshing native plugins compatible for Editor in 0.33 ms, found 1 plugins.
Preloading 0 native plugins for Editor in 0.00 ms.
Mono: successfully reloaded assembly
- Completed reload, in  0.924 seconds
Platform modules already initialized, skipping
Switching build target platform(5) subTarget(0) extendedPlatform(0) -> platform(13) subTarget(537395200) extendedPlatform(0)
Refreshing native plugins compatible for Editor in 0.29 ms, found 1 plugins.
Preloading 0 native plugins for Editor in 0.00 ms.
Unloading 1823 Unused Serialized files (Serialized files now loaded: 0)
System memory in use before: 86.0 MB.
System memory in use after: 86.1 MB.

Unloading 7 unused Assets to reduce memory usage. Loaded Objects now: 2362.
Total: 1.777300 ms (FindLiveObjects: 0.239800 ms CreateObjectMapping: 0.063900 ms MarkObjects: 1.458200 ms  DeleteObjects: 0.014600 ms)

AssetImportParameters requested are different than current active one (requested -> active):
  custom:graphics/normal-map-encoding: 01000000000000000000000000000000 -> 02000000000000000000000000000000
