Using pre-set license
Built from '2020.3/staging' branch; Version is '2020.3.6f1 (338bb68529b2) revision 3378102'; Using compiler version '192528614'; Build Type 'Release'
OS: 'Windows 10 Home; OS build 19043.1165; Version 2009; 64bit' Language: 'it' Physical Memory: 4078 MB
BatchMode: 1, IsHumanControllingUs: 0, StartBugReporterOnCrash: 0, Is64bit: 1, IsPro: 0

 COMMAND LINE ARGUMENTS:
C:\Program Files\Unity\Editor\Unity.exe
-adb2
-batchMode
-noUpm
-name
AssetImportWorker1
-projectPath
C:/Users/la_ro/OneDrive/Desktop/Emanuele/WhatWapp_Test
-logFile
Logs/AssetImportWorker1.log
-srvPort
58686
Successfully changed project path to: C:/Users/la_ro/OneDrive/Desktop/Emanuele/WhatWapp_Test
C:/Users/la_ro/OneDrive/Desktop/Emanuele/WhatWapp_Test
Using Asset Import Pipeline V2.
Refreshing native plugins compatible for Editor in 65.48 ms, found 1 plugins.
Preloading 0 native plugins for Editor in 0.00 ms.
Initialize engine version: 2020.3.6f1 (338bb68529b2)
[Subsystems] Discovering subsystems at path C:/Program Files/Unity/Editor/Data/Resources/UnitySubsystems
[Subsystems] Discovering subsystems at path C:/Users/la_ro/OneDrive/Desktop/Emanuele/WhatWapp_Test/Assets
GfxDevice: creating device client; threaded=0
Direct3D:
    Version:  Direct3D 11.0 [level 11.1]
    Renderer: NVIDIA GeForce GTX 1050 (ID=0x1c81)
    Vendor:   
    VRAM:     1977 MB
    Driver:   27.21.14.5671
Initialize mono
Mono path[0] = 'C:/Program Files/Unity/Editor/Data/Managed'
Mono path[1] = 'C:/Program Files/Unity/Editor/Data/MonoBleedingEdge/lib/mono/unityjit'
Mono config path = 'C:/Program Files/Unity/Editor/Data/MonoBleedingEdge/etc'
Using monoOptions --debugger-agent=transport=dt_socket,embedding=1,server=y,suspend=n,address=127.0.0.1:56024
Begin MonoManager ReloadAssembly
Registering precompiled unity dll's ...
Register platform support module: C:/Program Files/Unity/Editor/Data/PlaybackEngines/WindowsStandaloneSupport/UnityEditor.WindowsStandalone.Extensions.dll
Registered in 0.006783 seconds.
Native extension for WindowsStandalone target not found
Refreshing native plugins compatible for Editor in 164.15 ms, found 1 plugins.
Preloading 0 native plugins for Editor in 0.00 ms.
Mono: successfully reloaded assembly
- Completed reload, in  9.543 seconds
Platform modules already initialized, skipping
Registering precompiled user dll's ...
Registered in 0.005457 seconds.
Begin MonoManager ReloadAssembly
Native extension for WindowsStandalone target not found
Refreshing native plugins compatible for Editor in 85.53 ms, found 1 plugins.
Preloading 0 native plugins for Editor in 0.00 ms.
Mono: successfully reloaded assembly
- Completed reload, in  1.784 seconds
Platform modules already initialized, skipping
========================================================================
Worker process is ready to serve import requests
Launched and connected shader compiler UnityShaderCompiler.exe after 0.19 seconds
Refreshing native plugins compatible for Editor in 0.47 ms, found 1 plugins.
Preloading 0 native plugins for Editor in 0.00 ms.
Unloading 1844 Unused Serialized files (Serialized files now loaded: 0)
System memory in use before: 87.6 MB.
System memory in use after: 87.7 MB.

Unloading 19 unused Assets to reduce memory usage. Loaded Objects now: 2291.
Total: 7.764500 ms (FindLiveObjects: 1.852800 ms CreateObjectMapping: 0.531900 ms MarkObjects: 5.253700 ms  DeleteObjects: 0.123500 ms)

========================================================================
Received Import Request.
  path: Assets/Scripts/Commands/PickCommand.cs
  artifactKey: Guid(da04fe2ae11e4a7488ea0fc0fde81b07) Importer(815301076,1909f56bfc062723c751e8b465ee728b)
Start importing Assets/Scripts/Commands/PickCommand.cs using Guid(da04fe2ae11e4a7488ea0fc0fde81b07) Importer(815301076,1909f56bfc062723c751e8b465ee728b)  -> (artifact id: '4c6f461043c073ccabe3eb5e899aeec9') in 0.051210 seconds
  Import took 0.056950 seconds .

========================================================================
Received Import Request.
  Time since last request: 5.636292 seconds.
  path: Assets/Scripts/Managers/UIManager.cs
  artifactKey: Guid(1e13a93caf55f474fbb144bbd45d311e) Importer(815301076,1909f56bfc062723c751e8b465ee728b)
Start importing Assets/Scripts/Managers/UIManager.cs using Guid(1e13a93caf55f474fbb144bbd45d311e) Importer(815301076,1909f56bfc062723c751e8b465ee728b)  -> (artifact id: '156957c8c2d3a5ad06579f3a978dddc1') in 0.012481 seconds
  Import took 0.018380 seconds .

========================================================================
Received Import Request.
  Time since last request: 0.036367 seconds.
  path: Assets/Scripts/Managers/UIManager.cs
  artifactKey: Guid(1e13a93caf55f474fbb144bbd45d311e) Importer(815301076,1909f56bfc062723c751e8b465ee728b)
Start importing Assets/Scripts/Managers/UIManager.cs using Guid(1e13a93caf55f474fbb144bbd45d311e) Importer(815301076,1909f56bfc062723c751e8b465ee728b)  -> (artifact id: '156957c8c2d3a5ad06579f3a978dddc1') in 0.010379 seconds
  Import took 0.017949 seconds .

========================================================================
Received Prepare
Registering precompiled user dll's ...
Registered in 0.003096 seconds.
Begin MonoManager ReloadAssembly
Native extension for WindowsStandalone target not found
Refreshing native plugins compatible for Editor in 0.48 ms, found 1 plugins.
Preloading 0 native plugins for Editor in 0.00 ms.
Mono: successfully reloaded assembly
- Completed reload, in  1.360 seconds
Platform modules already initialized, skipping
Switching build target platform(5) subTarget(0) extendedPlatform(0) -> platform(13) subTarget(537395200) extendedPlatform(0)
Refreshing native plugins compatible for Editor in 0.47 ms, found 1 plugins.
Preloading 0 native plugins for Editor in 0.00 ms.
Unloading 1824 Unused Serialized files (Serialized files now loaded: 0)
System memory in use before: 85.8 MB.
System memory in use after: 85.9 MB.

Unloading 7 unused Assets to reduce memory usage. Loaded Objects now: 2295.
Total: 2.409900 ms (FindLiveObjects: 0.221800 ms CreateObjectMapping: 0.085400 ms MarkObjects: 2.074700 ms  DeleteObjects: 0.025800 ms)

AssetImportParameters requested are different than current active one (requested -> active):
  custom:graphics/normal-map-encoding: 01000000000000000000000000000000 -> 02000000000000000000000000000000
========================================================================
Received Prepare
Registering precompiled user dll's ...
Registered in 0.001946 seconds.
Begin MonoManager ReloadAssembly
Native extension for WindowsStandalone target not found
Refreshing native plugins compatible for Editor in 0.46 ms, found 1 plugins.
Preloading 0 native plugins for Editor in 0.00 ms.
Mono: successfully reloaded assembly
- Completed reload, in  1.286 seconds
Platform modules already initialized, skipping
Switching build target platform(5) subTarget(0) extendedPlatform(0) -> platform(13) subTarget(537395200) extendedPlatform(0)
Refreshing native plugins compatible for Editor in 1.30 ms, found 1 plugins.
Preloading 0 native plugins for Editor in 0.00 ms.
Unloading 1824 Unused Serialized files (Serialized files now loaded: 0)
System memory in use before: 85.9 MB.
System memory in use after: 86.0 MB.

Unloading 7 unused Assets to reduce memory usage. Loaded Objects now: 2299.
Total: 2.972900 ms (FindLiveObjects: 0.246900 ms CreateObjectMapping: 0.088200 ms MarkObjects: 2.608900 ms  DeleteObjects: 0.027400 ms)

AssetImportParameters requested are different than current active one (requested -> active):
  custom:graphics/normal-map-encoding: 01000000000000000000000000000000 -> 02000000000000000000000000000000
========================================================================
Received Import Request.
  Time since last request: 131.306862 seconds.
  path: Assets/Scripts/Systems/MoveSystem.cs
  artifactKey: Guid(d0c9cde855faf274db5dfc6b0b0c517e) Importer(815301076,1909f56bfc062723c751e8b465ee728b)
Start importing Assets/Scripts/Systems/MoveSystem.cs using Guid(d0c9cde855faf274db5dfc6b0b0c517e) Importer(815301076,1909f56bfc062723c751e8b465ee728b)  -> (artifact id: '5c92677f73a21c905579129e2e4bc0bc') in 0.021844 seconds
  Import took 0.027542 seconds .

========================================================================
Received Prepare
Registering precompiled user dll's ...
Registered in 0.001461 seconds.
Begin MonoManager ReloadAssembly
Native extension for WindowsStandalone target not found
Refreshing native plugins compatible for Editor in 0.47 ms, found 1 plugins.
Preloading 0 native plugins for Editor in 0.00 ms.
Mono: successfully reloaded assembly
- Completed reload, in  1.360 seconds
Platform modules already initialized, skipping
Switching build target platform(5) subTarget(0) extendedPlatform(0) -> platform(13) subTarget(537395200) extendedPlatform(0)
Refreshing native plugins compatible for Editor in 0.44 ms, found 1 plugins.
Preloading 0 native plugins for Editor in 0.00 ms.
Unloading 1824 Unused Serialized files (Serialized files now loaded: 0)
System memory in use before: 85.9 MB.
System memory in use after: 86.0 MB.

Unloading 7 unused Assets to reduce memory usage. Loaded Objects now: 2303.
Total: 2.779900 ms (FindLiveObjects: 0.402500 ms CreateObjectMapping: 0.140900 ms MarkObjects: 2.205100 ms  DeleteObjects: 0.029900 ms)

AssetImportParameters requested are different than current active one (requested -> active):
  custom:graphics/normal-map-encoding: 01000000000000000000000000000000 -> 02000000000000000000000000000000
========================================================================
Received Import Request.
  Time since last request: 16.257508 seconds.
  path: Assets/Scripts/Systems/MoveSystem.cs
  artifactKey: Guid(d0c9cde855faf274db5dfc6b0b0c517e) Importer(815301076,1909f56bfc062723c751e8b465ee728b)
Start importing Assets/Scripts/Systems/MoveSystem.cs using Guid(d0c9cde855faf274db5dfc6b0b0c517e) Importer(815301076,1909f56bfc062723c751e8b465ee728b)  -> (artifact id: '40983f0608d6aa8d41f89766a3bac140') in 0.008541 seconds
  Import took 0.012669 seconds .

========================================================================
Received Import Request.
  Time since last request: 0.002503 seconds.
  path: Assets/Scripts/Systems/MoveSystem.cs
  artifactKey: Guid(d0c9cde855faf274db5dfc6b0b0c517e) Importer(815301076,1909f56bfc062723c751e8b465ee728b)
Start importing Assets/Scripts/Systems/MoveSystem.cs using Guid(d0c9cde855faf274db5dfc6b0b0c517e) Importer(815301076,1909f56bfc062723c751e8b465ee728b)  -> (artifact id: '40983f0608d6aa8d41f89766a3bac140') in 0.005386 seconds
  Import took 0.009721 seconds .

========================================================================
Received Prepare
Registering precompiled user dll's ...
Registered in 0.001561 seconds.
Begin MonoManager ReloadAssembly
Native extension for WindowsStandalone target not found
Refreshing native plugins compatible for Editor in 0.59 ms, found 1 plugins.
Preloading 0 native plugins for Editor in 0.00 ms.
Mono: successfully reloaded assembly
- Completed reload, in  1.313 seconds
Platform modules already initialized, skipping
Switching build target platform(5) subTarget(0) extendedPlatform(0) -> platform(13) subTarget(537395200) extendedPlatform(0)
Refreshing native plugins compatible for Editor in 0.82 ms, found 1 plugins.
Preloading 0 native plugins for Editor in 0.00 ms.
Unloading 1824 Unused Serialized files (Serialized files now loaded: 0)
System memory in use before: 85.9 MB.
System memory in use after: 86.0 MB.

Unloading 7 unused Assets to reduce memory usage. Loaded Objects now: 2307.
Total: 2.825300 ms (FindLiveObjects: 0.232700 ms CreateObjectMapping: 0.082100 ms MarkObjects: 2.481300 ms  DeleteObjects: 0.027800 ms)

AssetImportParameters requested are different than current active one (requested -> active):
  custom:graphics/normal-map-encoding: 01000000000000000000000000000000 -> 02000000000000000000000000000000
========================================================================
Received Prepare
Registering precompiled user dll's ...
Registered in 0.001636 seconds.
Begin MonoManager ReloadAssembly
Native extension for WindowsStandalone target not found
Refreshing native plugins compatible for Editor in 0.46 ms, found 1 plugins.
Preloading 0 native plugins for Editor in 0.00 ms.
Mono: successfully reloaded assembly
- Completed reload, in  1.321 seconds
Platform modules already initialized, skipping
Switching build target platform(5) subTarget(0) extendedPlatform(0) -> platform(13) subTarget(537395200) extendedPlatform(0)
Refreshing native plugins compatible for Editor in 0.45 ms, found 1 plugins.
Preloading 0 native plugins for Editor in 0.00 ms.
Unloading 1824 Unused Serialized files (Serialized files now loaded: 0)
System memory in use before: 85.9 MB.
System memory in use after: 86.0 MB.

Unloading 7 unused Assets to reduce memory usage. Loaded Objects now: 2311.
Total: 3.858900 ms (FindLiveObjects: 0.945000 ms CreateObjectMapping: 0.349600 ms MarkObjects: 2.534000 ms  DeleteObjects: 0.028000 ms)

AssetImportParameters requested are different than current active one (requested -> active):
  custom:graphics/normal-map-encoding: 01000000000000000000000000000000 -> 02000000000000000000000000000000
========================================================================
Received Prepare
Registering precompiled user dll's ...
Registered in 0.001606 seconds.
Begin MonoManager ReloadAssembly
Native extension for WindowsStandalone target not found
Refreshing native plugins compatible for Editor in 0.48 ms, found 1 plugins.
Preloading 0 native plugins for Editor in 0.00 ms.
Mono: successfully reloaded assembly
- Completed reload, in  1.382 seconds
Platform modules already initialized, skipping
Switching build target platform(5) subTarget(0) extendedPlatform(0) -> platform(13) subTarget(537395200) extendedPlatform(0)
Refreshing native plugins compatible for Editor in 0.64 ms, found 1 plugins.
Preloading 0 native plugins for Editor in 0.00 ms.
Unloading 1824 Unused Serialized files (Serialized files now loaded: 0)
System memory in use before: 85.9 MB.
System memory in use after: 86.0 MB.

Unloading 7 unused Assets to reduce memory usage. Loaded Objects now: 2315.
Total: 2.462800 ms (FindLiveObjects: 0.358500 ms CreateObjectMapping: 0.086200 ms MarkObjects: 1.988900 ms  DeleteObjects: 0.027300 ms)

AssetImportParameters requested are different than current active one (requested -> active):
  custom:graphics/normal-map-encoding: 01000000000000000000000000000000 -> 02000000000000000000000000000000
========================================================================
Received Prepare
Registering precompiled user dll's ...
Registered in 0.001556 seconds.
Begin MonoManager ReloadAssembly
Native extension for WindowsStandalone target not found
Refreshing native plugins compatible for Editor in 0.49 ms, found 1 plugins.
Preloading 0 native plugins for Editor in 0.00 ms.
Mono: successfully reloaded assembly
- Completed reload, in  1.383 seconds
Platform modules already initialized, skipping
Switching build target platform(5) subTarget(0) extendedPlatform(0) -> platform(13) subTarget(537395200) extendedPlatform(0)
Refreshing native plugins compatible for Editor in 0.48 ms, found 1 plugins.
Preloading 0 native plugins for Editor in 0.00 ms.
Unloading 1824 Unused Serialized files (Serialized files now loaded: 0)
System memory in use before: 85.9 MB.
System memory in use after: 86.0 MB.

Unloading 7 unused Assets to reduce memory usage. Loaded Objects now: 2319.
Total: 3.159700 ms (FindLiveObjects: 0.265500 ms CreateObjectMapping: 0.091300 ms MarkObjects: 2.769600 ms  DeleteObjects: 0.031100 ms)

AssetImportParameters requested are different than current active one (requested -> active):
  custom:graphics/normal-map-encoding: 01000000000000000000000000000000 -> 02000000000000000000000000000000
========================================================================
Received Prepare
Registering precompiled user dll's ...
Registered in 0.004789 seconds.
Begin MonoManager ReloadAssembly
Native extension for WindowsStandalone target not found
Refreshing native plugins compatible for Editor in 0.47 ms, found 1 plugins.
Preloading 0 native plugins for Editor in 0.00 ms.
Mono: successfully reloaded assembly
- Completed reload, in  1.485 seconds
Platform modules already initialized, skipping
Switching build target platform(5) subTarget(0) extendedPlatform(0) -> platform(13) subTarget(537395200) extendedPlatform(0)
Refreshing native plugins compatible for Editor in 0.46 ms, found 1 plugins.
Preloading 0 native plugins for Editor in 0.00 ms.
Unloading 1824 Unused Serialized files (Serialized files now loaded: 0)
System memory in use before: 85.9 MB.
System memory in use after: 86.1 MB.

Unloading 7 unused Assets to reduce memory usage. Loaded Objects now: 2323.
Total: 2.952400 ms (FindLiveObjects: 0.345400 ms CreateObjectMapping: 0.087800 ms MarkObjects: 2.475900 ms  DeleteObjects: 0.040900 ms)

AssetImportParameters requested are different than current active one (requested -> active):
  custom:graphics/normal-map-encoding: 01000000000000000000000000000000 -> 02000000000000000000000000000000
========================================================================
Received Prepare
Registering precompiled user dll's ...
Registered in 0.001550 seconds.
Begin MonoManager ReloadAssembly
Native extension for WindowsStandalone target not found
Refreshing native plugins compatible for Editor in 0.46 ms, found 1 plugins.
Preloading 0 native plugins for Editor in 0.00 ms.
Mono: successfully reloaded assembly
- Completed reload, in  1.380 seconds
Platform modules already initialized, skipping
Switching build target platform(5) subTarget(0) extendedPlatform(0) -> platform(13) subTarget(537395200) extendedPlatform(0)
Refreshing native plugins compatible for Editor in 0.46 ms, found 1 plugins.
Preloading 0 native plugins for Editor in 0.00 ms.
Unloading 1824 Unused Serialized files (Serialized files now loaded: 0)
System memory in use before: 85.9 MB.
System memory in use after: 86.1 MB.

Unloading 7 unused Assets to reduce memory usage. Loaded Objects now: 2327.
Total: 3.009300 ms (FindLiveObjects: 0.308700 ms CreateObjectMapping: 0.117000 ms MarkObjects: 2.551000 ms  DeleteObjects: 0.031100 ms)

AssetImportParameters requested are different than current active one (requested -> active):
  custom:graphics/normal-map-encoding: 01000000000000000000000000000000 -> 02000000000000000000000000000000
========================================================================
Received Import Request.
  Time since last request: 233.501171 seconds.
  path: Assets/Scripts/Systems/MoveSystem.cs
  artifactKey: Guid(d0c9cde855faf274db5dfc6b0b0c517e) Importer(815301076,1909f56bfc062723c751e8b465ee728b)
Start importing Assets/Scripts/Systems/MoveSystem.cs using Guid(d0c9cde855faf274db5dfc6b0b0c517e) Importer(815301076,1909f56bfc062723c751e8b465ee728b)  -> (artifact id: '455449da3e3ef98f23629ae27684caa3') in 0.016535 seconds
  Import took 0.021174 seconds .

========================================================================
Received Import Request.
  Time since last request: 0.052100 seconds.
  path: Assets/Scripts/Systems/MoveSystem.cs
  artifactKey: Guid(d0c9cde855faf274db5dfc6b0b0c517e) Importer(815301076,1909f56bfc062723c751e8b465ee728b)
Start importing Assets/Scripts/Systems/MoveSystem.cs using Guid(d0c9cde855faf274db5dfc6b0b0c517e) Importer(815301076,1909f56bfc062723c751e8b465ee728b)  -> (artifact id: '455449da3e3ef98f23629ae27684caa3') in 0.006509 seconds
  Import took 0.012287 seconds .

========================================================================
Received Prepare
Registering precompiled user dll's ...
Registered in 0.001893 seconds.
Begin MonoManager ReloadAssembly
Native extension for WindowsStandalone target not found
Refreshing native plugins compatible for Editor in 0.56 ms, found 1 plugins.
Preloading 0 native plugins for Editor in 0.00 ms.
Mono: successfully reloaded assembly
- Completed reload, in  1.414 seconds
Platform modules already initialized, skipping
Switching build target platform(5) subTarget(0) extendedPlatform(0) -> platform(13) subTarget(537395200) extendedPlatform(0)
Refreshing native plugins compatible for Editor in 0.47 ms, found 1 plugins.
Preloading 0 native plugins for Editor in 0.00 ms.
Unloading 1824 Unused Serialized files (Serialized files now loaded: 0)
System memory in use before: 86.0 MB.
System memory in use after: 86.1 MB.

Unloading 7 unused Assets to reduce memory usage. Loaded Objects now: 2331.
Total: 2.318900 ms (FindLiveObjects: 0.230100 ms CreateObjectMapping: 0.077300 ms MarkObjects: 1.977600 ms  DeleteObjects: 0.031900 ms)

AssetImportParameters requested are different than current active one (requested -> active):
  custom:graphics/normal-map-encoding: 01000000000000000000000000000000 -> 02000000000000000000000000000000
========================================================================
Received Import Request.
  Time since last request: 28.850646 seconds.
  path: Assets/Scripts/Systems/CommandSystem.cs
  artifactKey: Guid(2b36fce32a4b35c4982b1328bb0b944d) Importer(815301076,1909f56bfc062723c751e8b465ee728b)
Start importing Assets/Scripts/Systems/CommandSystem.cs using Guid(2b36fce32a4b35c4982b1328bb0b944d) Importer(815301076,1909f56bfc062723c751e8b465ee728b)  -> (artifact id: 'b70b5ab2f341889ab2e0568959a49a2f') in 0.018214 seconds
  Import took 0.024217 seconds .

========================================================================
Received Import Request.
  Time since last request: 24.823987 seconds.
  path: Assets/Scripts/Commands/MoveCommand.cs
  artifactKey: Guid(7afafedfbbbcd8e44807edfc3b26dbd7) Importer(815301076,1909f56bfc062723c751e8b465ee728b)
Start importing Assets/Scripts/Commands/MoveCommand.cs using Guid(7afafedfbbbcd8e44807edfc3b26dbd7) Importer(815301076,1909f56bfc062723c751e8b465ee728b)  -> (artifact id: '946f86cc5f1a74e6968044583732578d') in 0.017561 seconds
  Import took 0.023147 seconds .

========================================================================
Received Prepare
Registering precompiled user dll's ...
Registered in 0.001566 seconds.
Begin MonoManager ReloadAssembly
Native extension for WindowsStandalone target not found
Refreshing native plugins compatible for Editor in 0.73 ms, found 1 plugins.
Preloading 0 native plugins for Editor in 0.00 ms.
Mono: successfully reloaded assembly
- Completed reload, in  1.421 seconds
Platform modules already initialized, skipping
Switching build target platform(5) subTarget(0) extendedPlatform(0) -> platform(13) subTarget(537395200) extendedPlatform(0)
Refreshing native plugins compatible for Editor in 0.48 ms, found 1 plugins.
Preloading 0 native plugins for Editor in 0.00 ms.
Unloading 1824 Unused Serialized files (Serialized files now loaded: 0)
System memory in use before: 86.0 MB.
System memory in use after: 86.1 MB.

Unloading 7 unused Assets to reduce memory usage. Loaded Objects now: 2335.
Total: 2.854200 ms (FindLiveObjects: 0.222400 ms CreateObjectMapping: 0.085200 ms MarkObjects: 2.517800 ms  DeleteObjects: 0.026800 ms)

AssetImportParameters requested are different than current active one (requested -> active):
  custom:graphics/normal-map-encoding: 01000000000000000000000000000000 -> 02000000000000000000000000000000
========================================================================
Received Import Request.
  Time since last request: 20.498148 seconds.
  path: Assets/Scripts/Commands/MoveCommand.cs
  artifactKey: Guid(7afafedfbbbcd8e44807edfc3b26dbd7) Importer(815301076,1909f56bfc062723c751e8b465ee728b)
Start importing Assets/Scripts/Commands/MoveCommand.cs using Guid(7afafedfbbbcd8e44807edfc3b26dbd7) Importer(815301076,1909f56bfc062723c751e8b465ee728b)  -> (artifact id: 'ee6544ef6a8ce7b240396fe15149cab4') in 0.007376 seconds
  Import took 0.012091 seconds .

========================================================================
Received Prepare
Registering precompiled user dll's ...
Registered in 0.001600 seconds.
Begin MonoManager ReloadAssembly
Native extension for WindowsStandalone target not found
Refreshing native plugins compatible for Editor in 0.46 ms, found 1 plugins.
Preloading 0 native plugins for Editor in 0.00 ms.
Mono: successfully reloaded assembly
- Completed reload, in  1.461 seconds
Platform modules already initialized, skipping
Switching build target platform(5) subTarget(0) extendedPlatform(0) -> platform(13) subTarget(537395200) extendedPlatform(0)
Refreshing native plugins compatible for Editor in 0.47 ms, found 1 plugins.
Preloading 0 native plugins for Editor in 0.00 ms.
Unloading 1824 Unused Serialized files (Serialized files now loaded: 0)
System memory in use before: 86.0 MB.
System memory in use after: 86.1 MB.

Unloading 7 unused Assets to reduce memory usage. Loaded Objects now: 2339.
Total: 2.804400 ms (FindLiveObjects: 0.299000 ms CreateObjectMapping: 0.089600 ms MarkObjects: 2.387200 ms  DeleteObjects: 0.026800 ms)

AssetImportParameters requested are different than current active one (requested -> active):
  custom:graphics/normal-map-encoding: 01000000000000000000000000000000 -> 02000000000000000000000000000000
========================================================================
Received Import Request.
  Time since last request: 66.454365 seconds.
  path: Assets/Scripts/Commands/DrawCommand.cs
  artifactKey: Guid(88e7f22d7c443d643ac791b15c8629bf) Importer(815301076,1909f56bfc062723c751e8b465ee728b)
Start importing Assets/Scripts/Commands/DrawCommand.cs using Guid(88e7f22d7c443d643ac791b15c8629bf) Importer(815301076,1909f56bfc062723c751e8b465ee728b)  -> (artifact id: '77ce09c3d79fd31ce4df9aac41bf3207') in 0.016944 seconds
  Import took 0.023330 seconds .

========================================================================
Received Prepare
Registering precompiled user dll's ...
Registered in 0.002667 seconds.
Begin MonoManager ReloadAssembly
Native extension for WindowsStandalone target not found
Refreshing native plugins compatible for Editor in 0.55 ms, found 1 plugins.
Preloading 0 native plugins for Editor in 0.00 ms.
Mono: successfully reloaded assembly
- Completed reload, in  1.550 seconds
Platform modules already initialized, skipping
Switching build target platform(5) subTarget(0) extendedPlatform(0) -> platform(13) subTarget(537395200) extendedPlatform(0)
Refreshing native plugins compatible for Editor in 0.72 ms, found 1 plugins.
Preloading 0 native plugins for Editor in 0.00 ms.
Unloading 1824 Unused Serialized files (Serialized files now loaded: 0)
System memory in use before: 86.0 MB.
System memory in use after: 86.1 MB.

Unloading 7 unused Assets to reduce memory usage. Loaded Objects now: 2343.
Total: 16.029300 ms (FindLiveObjects: 0.487800 ms CreateObjectMapping: 0.095400 ms MarkObjects: 15.392100 ms  DeleteObjects: 0.051000 ms)

AssetImportParameters requested are different than current active one (requested -> active):
  custom:graphics/normal-map-encoding: 01000000000000000000000000000000 -> 02000000000000000000000000000000
========================================================================
Received Import Request.
  Time since last request: 26.561753 seconds.
  path: Assets/Scripts/Commands/DrawCommand.cs
  artifactKey: Guid(88e7f22d7c443d643ac791b15c8629bf) Importer(815301076,1909f56bfc062723c751e8b465ee728b)
Start importing Assets/Scripts/Commands/DrawCommand.cs using Guid(88e7f22d7c443d643ac791b15c8629bf) Importer(815301076,1909f56bfc062723c751e8b465ee728b)  -> (artifact id: 'c783b9cf71f60899d5214bbef337b6ca') in 0.007613 seconds
  Import took 0.012382 seconds .

========================================================================
Received Prepare
Registering precompiled user dll's ...
Registered in 0.001610 seconds.
Begin MonoManager ReloadAssembly
Native extension for WindowsStandalone target not found
Refreshing native plugins compatible for Editor in 0.46 ms, found 1 plugins.
Preloading 0 native plugins for Editor in 0.00 ms.
Mono: successfully reloaded assembly
- Completed reload, in  1.447 seconds
Platform modules already initialized, skipping
Switching build target platform(5) subTarget(0) extendedPlatform(0) -> platform(13) subTarget(537395200) extendedPlatform(0)
Refreshing native plugins compatible for Editor in 0.49 ms, found 1 plugins.
Preloading 0 native plugins for Editor in 0.00 ms.
Unloading 1824 Unused Serialized files (Serialized files now loaded: 0)
System memory in use before: 86.0 MB.
System memory in use after: 86.1 MB.

Unloading 7 unused Assets to reduce memory usage. Loaded Objects now: 2347.
Total: 2.929500 ms (FindLiveObjects: 0.316800 ms CreateObjectMapping: 0.195100 ms MarkObjects: 2.387100 ms  DeleteObjects: 0.028800 ms)

AssetImportParameters requested are different than current active one (requested -> active):
  custom:graphics/normal-map-encoding: 01000000000000000000000000000000 -> 02000000000000000000000000000000
========================================================================
Received Prepare
Registering precompiled user dll's ...
Registered in 0.001538 seconds.
Begin MonoManager ReloadAssembly
Native extension for WindowsStandalone target not found
Refreshing native plugins compatible for Editor in 0.60 ms, found 1 plugins.
Preloading 0 native plugins for Editor in 0.00 ms.
Mono: successfully reloaded assembly
- Completed reload, in  1.492 seconds
Platform modules already initialized, skipping
Switching build target platform(5) subTarget(0) extendedPlatform(0) -> platform(13) subTarget(537395200) extendedPlatform(0)
Refreshing native plugins compatible for Editor in 0.49 ms, found 1 plugins.
Preloading 0 native plugins for Editor in 0.00 ms.
Unloading 1824 Unused Serialized files (Serialized files now loaded: 0)
System memory in use before: 86.0 MB.
System memory in use after: 86.1 MB.

Unloading 7 unused Assets to reduce memory usage. Loaded Objects now: 2351.
Total: 3.230100 ms (FindLiveObjects: 0.317200 ms CreateObjectMapping: 0.077500 ms MarkObjects: 2.803900 ms  DeleteObjects: 0.028800 ms)

AssetImportParameters requested are different than current active one (requested -> active):
  custom:graphics/normal-map-encoding: 01000000000000000000000000000000 -> 02000000000000000000000000000000
========================================================================
Received Prepare
Registering precompiled user dll's ...
Registered in 0.001697 seconds.
Begin MonoManager ReloadAssembly
Native extension for WindowsStandalone target not found
Refreshing native plugins compatible for Editor in 0.53 ms, found 1 plugins.
Preloading 0 native plugins for Editor in 0.00 ms.
Mono: successfully reloaded assembly
- Completed reload, in  1.476 seconds
Platform modules already initialized, skipping
Switching build target platform(5) subTarget(0) extendedPlatform(0) -> platform(13) subTarget(537395200) extendedPlatform(0)
Refreshing native plugins compatible for Editor in 0.46 ms, found 1 plugins.
Preloading 0 native plugins for Editor in 0.00 ms.
Unloading 1824 Unused Serialized files (Serialized files now loaded: 0)
System memory in use before: 86.0 MB.
System memory in use after: 86.1 MB.

Unloading 7 unused Assets to reduce memory usage. Loaded Objects now: 2355.
Total: 2.839800 ms (FindLiveObjects: 0.269600 ms CreateObjectMapping: 0.083400 ms MarkObjects: 2.454700 ms  DeleteObjects: 0.030500 ms)

AssetImportParameters requested are different than current active one (requested -> active):
  custom:graphics/normal-map-encoding: 01000000000000000000000000000000 -> 02000000000000000000000000000000
========================================================================
Received Prepare
Registering precompiled user dll's ...
Registered in 0.001796 seconds.
Begin MonoManager ReloadAssembly
Native extension for WindowsStandalone target not found
Refreshing native plugins compatible for Editor in 0.45 ms, found 1 plugins.
Preloading 0 native plugins for Editor in 0.00 ms.
Mono: successfully reloaded assembly
- Completed reload, in  1.493 seconds
Platform modules already initialized, skipping
Switching build target platform(5) subTarget(0) extendedPlatform(0) -> platform(13) subTarget(537395200) extendedPlatform(0)
Refreshing native plugins compatible for Editor in 0.45 ms, found 1 plugins.
Preloading 0 native plugins for Editor in 0.00 ms.
Unloading 1824 Unused Serialized files (Serialized files now loaded: 0)
System memory in use before: 86.0 MB.
System memory in use after: 86.1 MB.

Unloading 7 unused Assets to reduce memory usage. Loaded Objects now: 2359.
Total: 3.441000 ms (FindLiveObjects: 0.352200 ms CreateObjectMapping: 0.080500 ms MarkObjects: 2.973900 ms  DeleteObjects: 0.032800 ms)

AssetImportParameters requested are different than current active one (requested -> active):
  custom:graphics/normal-map-encoding: 01000000000000000000000000000000 -> 02000000000000000000000000000000
========================================================================
Received Prepare
Registering precompiled user dll's ...
Registered in 0.002824 seconds.
Begin MonoManager ReloadAssembly
Native extension for WindowsStandalone target not found
Refreshing native plugins compatible for Editor in 0.87 ms, found 1 plugins.
Preloading 0 native plugins for Editor in 0.00 ms.
Mono: successfully reloaded assembly
- Completed reload, in  1.521 seconds
Platform modules already initialized, skipping
Switching build target platform(5) subTarget(0) extendedPlatform(0) -> platform(13) subTarget(537395200) extendedPlatform(0)
Refreshing native plugins compatible for Editor in 0.45 ms, found 1 plugins.
Preloading 0 native plugins for Editor in 0.00 ms.
Unloading 1824 Unused Serialized files (Serialized files now loaded: 0)
System memory in use before: 86.0 MB.
System memory in use after: 86.1 MB.

Unloading 7 unused Assets to reduce memory usage. Loaded Objects now: 2363.
Total: 2.783000 ms (FindLiveObjects: 0.302600 ms CreateObjectMapping: 0.090700 ms MarkObjects: 2.359400 ms  DeleteObjects: 0.028800 ms)

AssetImportParameters requested are different than current active one (requested -> active):
  custom:graphics/normal-map-encoding: 01000000000000000000000000000000 -> 02000000000000000000000000000000
========================================================================
Received Import Request.
  Time since last request: 352.439535 seconds.
  path: Assets/Scripts/Card Handlers/DrawCardsHandler.cs
  artifactKey: Guid(87608bf56a0d3cd4aade12f148b5d83b) Importer(815301076,1909f56bfc062723c751e8b465ee728b)
Start importing Assets/Scripts/Card Handlers/DrawCardsHandler.cs using Guid(87608bf56a0d3cd4aade12f148b5d83b) Importer(815301076,1909f56bfc062723c751e8b465ee728b)  -> (artifact id: 'c056aaf03bce267b3997a2e5fd63802b') in 0.022105 seconds
  Import took 0.026780 seconds .

========================================================================
Received Import Request.
  Time since last request: 0.029217 seconds.
  path: Assets/Scripts/Card Handlers/DrawCardsHandler.cs
  artifactKey: Guid(87608bf56a0d3cd4aade12f148b5d83b) Importer(815301076,1909f56bfc062723c751e8b465ee728b)
Start importing Assets/Scripts/Card Handlers/DrawCardsHandler.cs using Guid(87608bf56a0d3cd4aade12f148b5d83b) Importer(815301076,1909f56bfc062723c751e8b465ee728b)  -> (artifact id: 'c056aaf03bce267b3997a2e5fd63802b') in 0.006899 seconds
  Import took 0.011450 seconds .

========================================================================
Received Prepare
Registering precompiled user dll's ...
Registered in 0.001531 seconds.
Begin MonoManager ReloadAssembly
Native extension for WindowsStandalone target not found
Refreshing native plugins compatible for Editor in 0.47 ms, found 1 plugins.
Preloading 0 native plugins for Editor in 0.00 ms.
Mono: successfully reloaded assembly
- Completed reload, in  1.534 seconds
Platform modules already initialized, skipping
Switching build target platform(5) subTarget(0) extendedPlatform(0) -> platform(13) subTarget(537395200) extendedPlatform(0)
Refreshing native plugins compatible for Editor in 0.55 ms, found 1 plugins.
Preloading 0 native plugins for Editor in 0.00 ms.
Unloading 1824 Unused Serialized files (Serialized files now loaded: 0)
System memory in use before: 86.0 MB.
System memory in use after: 86.1 MB.

Unloading 7 unused Assets to reduce memory usage. Loaded Objects now: 2367.
Total: 3.753000 ms (FindLiveObjects: 0.545800 ms CreateObjectMapping: 0.159300 ms MarkObjects: 2.999500 ms  DeleteObjects: 0.045900 ms)

AssetImportParameters requested are different than current active one (requested -> active):
  custom:graphics/normal-map-encoding: 01000000000000000000000000000000 -> 02000000000000000000000000000000
========================================================================
Received Import Request.
  Time since last request: 98.183564 seconds.
  path: Assets/Scripts/Card Handlers/DrawCardsHandler.cs
  artifactKey: Guid(87608bf56a0d3cd4aade12f148b5d83b) Importer(815301076,1909f56bfc062723c751e8b465ee728b)
Start importing Assets/Scripts/Card Handlers/DrawCardsHandler.cs using Guid(87608bf56a0d3cd4aade12f148b5d83b) Importer(815301076,1909f56bfc062723c751e8b465ee728b)  -> (artifact id: 'bc54dd3d307070c25063b3f6076367e9') in 0.009796 seconds
  Import took 0.015346 seconds .

========================================================================
Received Import Request.
  Time since last request: 0.058106 seconds.
  path: Assets/Scripts/Card Handlers/DrawCardsHandler.cs
  artifactKey: Guid(87608bf56a0d3cd4aade12f148b5d83b) Importer(815301076,1909f56bfc062723c751e8b465ee728b)
Start importing Assets/Scripts/Card Handlers/DrawCardsHandler.cs using Guid(87608bf56a0d3cd4aade12f148b5d83b) Importer(815301076,1909f56bfc062723c751e8b465ee728b)  -> (artifact id: 'bc54dd3d307070c25063b3f6076367e9') in 0.006150 seconds
  Import took 0.010160 seconds .

========================================================================
Received Prepare
Registering precompiled user dll's ...
Registered in 0.001588 seconds.
Begin MonoManager ReloadAssembly
Native extension for WindowsStandalone target not found
Refreshing native plugins compatible for Editor in 0.88 ms, found 1 plugins.
Preloading 0 native plugins for Editor in 0.00 ms.
Mono: successfully reloaded assembly
- Completed reload, in  1.523 seconds
Platform modules already initialized, skipping
Switching build target platform(5) subTarget(0) extendedPlatform(0) -> platform(13) subTarget(537395200) extendedPlatform(0)
Refreshing native plugins compatible for Editor in 0.44 ms, found 1 plugins.
Preloading 0 native plugins for Editor in 0.00 ms.
Unloading 1824 Unused Serialized files (Serialized files now loaded: 0)
System memory in use before: 86.0 MB.
System memory in use after: 86.2 MB.

Unloading 7 unused Assets to reduce memory usage. Loaded Objects now: 2371.
Total: 2.990400 ms (FindLiveObjects: 0.325700 ms CreateObjectMapping: 0.090100 ms MarkObjects: 2.546700 ms  DeleteObjects: 0.026200 ms)

AssetImportParameters requested are different than current active one (requested -> active):
  custom:graphics/normal-map-encoding: 01000000000000000000000000000000 -> 02000000000000000000000000000000
========================================================================
Received Prepare
Registering precompiled user dll's ...
Registered in 0.001545 seconds.
Begin MonoManager ReloadAssembly
Native extension for WindowsStandalone target not found
Refreshing native plugins compatible for Editor in 0.46 ms, found 1 plugins.
Preloading 0 native plugins for Editor in 0.00 ms.
Mono: successfully reloaded assembly
- Completed reload, in  1.568 seconds
Platform modules already initialized, skipping
Switching build target platform(5) subTarget(0) extendedPlatform(0) -> platform(13) subTarget(537395200) extendedPlatform(0)
Refreshing native plugins compatible for Editor in 0.51 ms, found 1 plugins.
Preloading 0 native plugins for Editor in 0.00 ms.
Unloading 1824 Unused Serialized files (Serialized files now loaded: 0)
System memory in use before: 86.1 MB.
System memory in use after: 86.2 MB.

Unloading 7 unused Assets to reduce memory usage. Loaded Objects now: 2375.
Total: 3.554900 ms (FindLiveObjects: 0.572500 ms CreateObjectMapping: 0.090700 ms MarkObjects: 2.860500 ms  DeleteObjects: 0.028400 ms)

AssetImportParameters requested are different than current active one (requested -> active):
  custom:graphics/normal-map-encoding: 01000000000000000000000000000000 -> 02000000000000000000000000000000
========================================================================
Received Import Request.
  Time since last request: 107.847288 seconds.
  path: Assets/Scripts/Commands/ResetCommand.cs
  artifactKey: Guid(c69a61629cc261e45b669579fb83e147) Importer(815301076,1909f56bfc062723c751e8b465ee728b)
Start importing Assets/Scripts/Commands/ResetCommand.cs using Guid(c69a61629cc261e45b669579fb83e147) Importer(815301076,1909f56bfc062723c751e8b465ee728b)  -> (artifact id: '465a5acda8abcefe367b5a088845c525') in 0.018234 seconds
  Import took 0.023731 seconds .

========================================================================
Received Prepare
Registering precompiled user dll's ...
Registered in 0.001487 seconds.
Begin MonoManager ReloadAssembly
Native extension for WindowsStandalone target not found
Refreshing native plugins compatible for Editor in 0.70 ms, found 1 plugins.
Preloading 0 native plugins for Editor in 0.00 ms.
Mono: successfully reloaded assembly
- Completed reload, in  1.650 seconds
Platform modules already initialized, skipping
Switching build target platform(5) subTarget(0) extendedPlatform(0) -> platform(13) subTarget(537395200) extendedPlatform(0)
Refreshing native plugins compatible for Editor in 0.47 ms, found 1 plugins.
Preloading 0 native plugins for Editor in 0.00 ms.
Unloading 1824 Unused Serialized files (Serialized files now loaded: 0)
System memory in use before: 86.1 MB.
System memory in use after: 86.2 MB.

Unloading 7 unused Assets to reduce memory usage. Loaded Objects now: 2379.
Total: 3.589600 ms (FindLiveObjects: 1.332400 ms CreateObjectMapping: 0.133900 ms MarkObjects: 2.087900 ms  DeleteObjects: 0.033300 ms)

AssetImportParameters requested are different than current active one (requested -> active):
  custom:graphics/normal-map-encoding: 01000000000000000000000000000000 -> 02000000000000000000000000000000
========================================================================
Received Import Request.
  Time since last request: 55.004730 seconds.
  path: Assets/Scripts/Commands/ResetCommand.cs
  artifactKey: Guid(c69a61629cc261e45b669579fb83e147) Importer(815301076,1909f56bfc062723c751e8b465ee728b)
Start importing Assets/Scripts/Commands/ResetCommand.cs using Guid(c69a61629cc261e45b669579fb83e147) Importer(815301076,1909f56bfc062723c751e8b465ee728b)  -> (artifact id: '76aa0b0f3a6aa760c148cf1d68d2a418') in 0.007511 seconds
  Import took 0.012289 seconds .

========================================================================
Received Import Request.
  Time since last request: 6.526761 seconds.
  path: Assets/Scripts/Managers/GameManager.cs
  artifactKey: Guid(99270c56ffaab3141968742d27ae3f8f) Importer(815301076,1909f56bfc062723c751e8b465ee728b)
Start importing Assets/Scripts/Managers/GameManager.cs using Guid(99270c56ffaab3141968742d27ae3f8f) Importer(815301076,1909f56bfc062723c751e8b465ee728b)  -> (artifact id: 'd1a219336cd4471b37384ada014083bd') in 0.012851 seconds
  Import took 0.017124 seconds .

========================================================================
Received Import Request.
  Time since last request: 0.029748 seconds.
  path: Assets/Scripts/Managers/GameManager.cs
  artifactKey: Guid(99270c56ffaab3141968742d27ae3f8f) Importer(815301076,1909f56bfc062723c751e8b465ee728b)
Start importing Assets/Scripts/Managers/GameManager.cs using Guid(99270c56ffaab3141968742d27ae3f8f) Importer(815301076,1909f56bfc062723c751e8b465ee728b)  -> (artifact id: 'd1a219336cd4471b37384ada014083bd') in 0.011993 seconds
  Import took 0.016112 seconds .

========================================================================
Received Prepare
Registering precompiled user dll's ...
Registered in 0.001613 seconds.
Begin MonoManager ReloadAssembly
Native extension for WindowsStandalone target not found
Refreshing native plugins compatible for Editor in 0.46 ms, found 1 plugins.
Preloading 0 native plugins for Editor in 0.00 ms.
Mono: successfully reloaded assembly
- Completed reload, in  1.583 seconds
Platform modules already initialized, skipping
Switching build target platform(5) subTarget(0) extendedPlatform(0) -> platform(13) subTarget(537395200) extendedPlatform(0)
Refreshing native plugins compatible for Editor in 0.45 ms, found 1 plugins.
Preloading 0 native plugins for Editor in 0.00 ms.
Unloading 1824 Unused Serialized files (Serialized files now loaded: 0)
System memory in use before: 86.1 MB.
System memory in use after: 86.2 MB.

Unloading 7 unused Assets to reduce memory usage. Loaded Objects now: 2383.
Total: 2.987400 ms (FindLiveObjects: 0.293700 ms CreateObjectMapping: 0.233800 ms MarkObjects: 2.423800 ms  DeleteObjects: 0.033800 ms)

AssetImportParameters requested are different than current active one (requested -> active):
  custom:graphics/normal-map-encoding: 01000000000000000000000000000000 -> 02000000000000000000000000000000
========================================================================
Received Prepare
Registering precompiled user dll's ...
Registered in 0.001512 seconds.
Begin MonoManager ReloadAssembly
Native extension for WindowsStandalone target not found
Refreshing native plugins compatible for Editor in 0.46 ms, found 1 plugins.
Preloading 0 native plugins for Editor in 0.00 ms.
Mono: successfully reloaded assembly
- Completed reload, in  1.707 seconds
Platform modules already initialized, skipping
Switching build target platform(5) subTarget(0) extendedPlatform(0) -> platform(13) subTarget(537395200) extendedPlatform(0)
Refreshing native plugins compatible for Editor in 0.48 ms, found 1 plugins.
Preloading 0 native plugins for Editor in 0.00 ms.
Unloading 1824 Unused Serialized files (Serialized files now loaded: 0)
System memory in use before: 86.1 MB.
System memory in use after: 86.2 MB.

Unloading 7 unused Assets to reduce memory usage. Loaded Objects now: 2387.
Total: 2.781100 ms (FindLiveObjects: 0.338800 ms CreateObjectMapping: 0.172500 ms MarkObjects: 2.240000 ms  DeleteObjects: 0.028200 ms)

AssetImportParameters requested are different than current active one (requested -> active):
  custom:graphics/normal-map-encoding: 01000000000000000000000000000000 -> 02000000000000000000000000000000
========================================================================
Received Prepare
Registering precompiled user dll's ...
Registered in 0.001584 seconds.
Begin MonoManager ReloadAssembly
Native extension for WindowsStandalone target not found
Refreshing native plugins compatible for Editor in 0.50 ms, found 1 plugins.
Preloading 0 native plugins for Editor in 0.00 ms.
Mono: successfully reloaded assembly
- Completed reload, in  1.623 seconds
Platform modules already initialized, skipping
Switching build target platform(5) subTarget(0) extendedPlatform(0) -> platform(13) subTarget(537395200) extendedPlatform(0)
Refreshing native plugins compatible for Editor in 0.50 ms, found 1 plugins.
Preloading 0 native plugins for Editor in 0.00 ms.
Unloading 1824 Unused Serialized files (Serialized files now loaded: 0)
System memory in use before: 86.1 MB.
System memory in use after: 86.2 MB.

Unloading 7 unused Assets to reduce memory usage. Loaded Objects now: 2391.
Total: 3.343200 ms (FindLiveObjects: 0.344200 ms CreateObjectMapping: 0.086400 ms MarkObjects: 2.878000 ms  DeleteObjects: 0.031600 ms)

AssetImportParameters requested are different than current active one (requested -> active):
  custom:graphics/normal-map-encoding: 01000000000000000000000000000000 -> 02000000000000000000000000000000
========================================================================
Received Import Request.
  Time since last request: 400.973133 seconds.
  path: Assets/Scripts/Managers/UIManager.cs
  artifactKey: Guid(1e13a93caf55f474fbb144bbd45d311e) Importer(815301076,1909f56bfc062723c751e8b465ee728b)
Start importing Assets/Scripts/Managers/UIManager.cs using Guid(1e13a93caf55f474fbb144bbd45d311e) Importer(815301076,1909f56bfc062723c751e8b465ee728b)  -> (artifact id: 'cacbae47844d053ddf9f25a93d783ddd') in 0.013409 seconds
  Import took 0.018119 seconds .

========================================================================
Received Import Request.
  Time since last request: 0.002903 seconds.
  path: Assets/Scripts/Managers/UIManager.cs
  artifactKey: Guid(1e13a93caf55f474fbb144bbd45d311e) Importer(815301076,1909f56bfc062723c751e8b465ee728b)
Start importing Assets/Scripts/Managers/UIManager.cs using Guid(1e13a93caf55f474fbb144bbd45d311e) Importer(815301076,1909f56bfc062723c751e8b465ee728b)  -> (artifact id: 'cacbae47844d053ddf9f25a93d783ddd') in 0.005286 seconds
  Import took 0.011069 seconds .

========================================================================
Received Prepare
Registering precompiled user dll's ...
Registered in 0.001559 seconds.
Begin MonoManager ReloadAssembly
Native extension for WindowsStandalone target not found
Refreshing native plugins compatible for Editor in 0.47 ms, found 1 plugins.
Preloading 0 native plugins for Editor in 0.00 ms.
Mono: successfully reloaded assembly
- Completed reload, in  1.658 seconds
Platform modules already initialized, skipping
Switching build target platform(5) subTarget(0) extendedPlatform(0) -> platform(13) subTarget(537395200) extendedPlatform(0)
Refreshing native plugins compatible for Editor in 0.55 ms, found 1 plugins.
Preloading 0 native plugins for Editor in 0.00 ms.
Unloading 1824 Unused Serialized files (Serialized files now loaded: 0)
System memory in use before: 86.1 MB.
System memory in use after: 86.2 MB.

Unloading 7 unused Assets to reduce memory usage. Loaded Objects now: 2395.
Total: 3.047800 ms (FindLiveObjects: 0.387200 ms CreateObjectMapping: 0.111300 ms MarkObjects: 2.520400 ms  DeleteObjects: 0.027300 ms)

AssetImportParameters requested are different than current active one (requested -> active):
  custom:graphics/normal-map-encoding: 01000000000000000000000000000000 -> 02000000000000000000000000000000
========================================================================
Received Import Request.
  Time since last request: 22.057074 seconds.
  path: Assets/Scripts/Managers/UIManager.cs
  artifactKey: Guid(1e13a93caf55f474fbb144bbd45d311e) Importer(815301076,1909f56bfc062723c751e8b465ee728b)
Start importing Assets/Scripts/Managers/UIManager.cs using Guid(1e13a93caf55f474fbb144bbd45d311e) Importer(815301076,1909f56bfc062723c751e8b465ee728b)  -> (artifact id: 'def5573509e4401439f45b39dc072618') in 0.008122 seconds
  Import took 0.012991 seconds .

========================================================================
Received Import Request.
  Time since last request: 3.915875 seconds.
  path: Assets/Scripts/Utils/GlobalData.cs
  artifactKey: Guid(d806eb5f271c9714b8f4fb3f7eb7eea2) Importer(815301076,1909f56bfc062723c751e8b465ee728b)
Start importing Assets/Scripts/Utils/GlobalData.cs using Guid(d806eb5f271c9714b8f4fb3f7eb7eea2) Importer(815301076,1909f56bfc062723c751e8b465ee728b)  -> (artifact id: '69ddb988064f4af95e6d2f4d579683ed') in 0.017749 seconds
  Import took 0.023233 seconds .

========================================================================
Received Prepare
Registering precompiled user dll's ...
Registered in 0.001562 seconds.
Begin MonoManager ReloadAssembly
Native extension for WindowsStandalone target not found
Refreshing native plugins compatible for Editor in 0.46 ms, found 1 plugins.
Preloading 0 native plugins for Editor in 0.00 ms.
Mono: successfully reloaded assembly
- Completed reload, in  1.651 seconds
Platform modules already initialized, skipping
Switching build target platform(5) subTarget(0) extendedPlatform(0) -> platform(13) subTarget(537395200) extendedPlatform(0)
Refreshing native plugins compatible for Editor in 0.47 ms, found 1 plugins.
Preloading 0 native plugins for Editor in 0.00 ms.
Unloading 1824 Unused Serialized files (Serialized files now loaded: 0)
System memory in use before: 86.1 MB.
System memory in use after: 86.2 MB.

Unloading 7 unused Assets to reduce memory usage. Loaded Objects now: 2399.
Total: 3.047400 ms (FindLiveObjects: 0.327900 ms CreateObjectMapping: 0.082300 ms MarkObjects: 2.615100 ms  DeleteObjects: 0.020200 ms)

AssetImportParameters requested are different than current active one (requested -> active):
  custom:graphics/normal-map-encoding: 01000000000000000000000000000000 -> 02000000000000000000000000000000
========================================================================
Received Import Request.
  Time since last request: 45.182730 seconds.
  path: Assets/Scripts/Utils/GlobalData.cs
  artifactKey: Guid(d806eb5f271c9714b8f4fb3f7eb7eea2) Importer(815301076,1909f56bfc062723c751e8b465ee728b)
Start importing Assets/Scripts/Utils/GlobalData.cs using Guid(d806eb5f271c9714b8f4fb3f7eb7eea2) Importer(815301076,1909f56bfc062723c751e8b465ee728b)  -> (artifact id: '2e6a0bd5fd174defaa684f3780a266f2') in 0.007098 seconds
  Import took 0.012042 seconds .

